[Utils] MethodGroupsHelper.collectMethodsByGroup() took 0 ms.
[Utils] MethodGroupsHelper.sortMethods() took 1 ms.
[Utils] MethodGroupsHelper.collectMethodsByGroup() took 0 ms.
[Utils] MethodGroupsHelper.sortMethods() took 0 ms.
[Utils] MethodGroupsHelper.collectMethodsByGroup() took 0 ms.
[Utils] MethodGroupsHelper.sortMethods() took 0 ms.
[Utils] MethodGroupsHelper.collectMethodsByGroup() took 0 ms.
[Utils] MethodGroupsHelper.sortMethods() took 0 ms.
[Utils] MethodGroupsHelper.collectMethodsByGroup() took 7 ms.
[Utils] MethodGroupsHelper.sortMethods() took 8 ms.
[Utils] MethodGroupsHelper.collectMethodsByGroup() took 0 ms.
[Utils] MethodGroupsHelper.sortMethods() took 0 ms.
[Utils] MethodGroupsHelper.collectMethodsByGroup() took 0 ms.
[Utils] MethodGroupsHelper.sortMethods() took 0 ms.
[Utils] MethodGroupsHelper.collectMethodsByGroup() took 0 ms.
[Utils] MethodGroupsHelper.sortMethods() took 0 ms.
[Utils] MethodGroupsHelper.collectMethodsByGroup() took 0 ms.
[Utils] MethodGroupsHelper.sortMethods() took 0 ms.
[Utils] MethodGroupsHelper.collectMethodsByGroup() took 0 ms.
[Utils] MethodGroupsHelper.sortMethods() took 0 ms.
[Utils] MethodGroupsHelper.collectMethodsByGroup() took 0 ms.
[Utils] MethodGroupsHelper.sortMethods() took 0 ms.
[Utils] MethodGroupsHelper.collectMethodsByGroup() took 0 ms.
[Utils] MethodGroupsHelper.sortMethods() took 0 ms.
[Utils] MethodGroupsHelper.collectMethodsByGroup() took 0 ms.
[Utils] MethodGroupsHelper.sortMethods() took 0 ms.
[Utils] MethodGroupsHelper.collectMethodsByGroup() took 0 ms.
[Utils] MethodGroupsHelper.sortMethods() took 0 ms.
[Utils] MethodGroupsHelper.collectMethodsByGroup() took 0 ms.
[Utils] MethodGroupsHelper.sortMethods() took 0 ms.
[TestNG] Running:
  C:\Users\vishn\AppData\Local\Temp\testng-eclipse-368977433\testng-customsuite.xml

[Utils] DynamicGraphHelper.createDynamicGraph() took 4 ms.
*****Clicked My Account Button*****
*****Clicked Register button*****
*****Passed inputs*****
*****Clicked Privacy Policy*****
*****Clicked Continue button*****
*****Verified Confirmation Msg*****
*****SUCCESSFULLY FINISHED TESTCASE: TC_001_AccountRegistrationTest*****
[TestNG] Time taken by org.testng.reporters.jq.Main@6e0cff20: 62 ms
[TestNG] Time taken by org.testng.reporters.FailedReporter@10667848: 1 ms
[TestNG] Time taken by org.testng.reporters.XMLReporter@11de56e6: 8 ms
[TestNG] Time taken by org.testng.reporters.EmailableReporter2@592238c5: 8 ms
[TestNG] Time taken by org.testng.reporters.JUnitReportReporter@1cc9cfb2: 5 ms
[TestNG] Time taken by org.testng.internal.ExitCodeListener@cfbc8e8: 0 ms
2025-03-28 15:58:18,427 [main] INFO org.testng.internal.Utils - [Utils] MethodGroupsHelper.collectMethodsByGroup() took 1 ms.
2025-03-28 15:58:18,438 [main] INFO org.testng.internal.Utils - [Utils] MethodGroupsHelper.sortMethods() took 4 ms.
2025-03-28 15:58:18,441 [main] INFO org.testng.internal.Utils - [Utils] MethodGroupsHelper.collectMethodsByGroup() took 0 ms.
2025-03-28 15:58:18,441 [main] INFO org.testng.internal.Utils - [Utils] MethodGroupsHelper.sortMethods() took 0 ms.
2025-03-28 15:58:18,442 [main] INFO org.testng.internal.Utils - [Utils] MethodGroupsHelper.collectMethodsByGroup() took 0 ms.
2025-03-28 15:58:18,442 [main] INFO org.testng.internal.Utils - [Utils] MethodGroupsHelper.sortMethods() took 0 ms.
2025-03-28 15:58:18,442 [main] INFO org.testng.internal.Utils - [Utils] MethodGroupsHelper.collectMethodsByGroup() took 0 ms.
2025-03-28 15:58:18,443 [main] INFO org.testng.internal.Utils - [Utils] MethodGroupsHelper.sortMethods() took 0 ms.
2025-03-28 15:58:18,452 [main] INFO org.testng.internal.Utils - [Utils] MethodGroupsHelper.collectMethodsByGroup() took 6 ms.
2025-03-28 15:58:18,461 [main] INFO org.testng.internal.Utils - [Utils] MethodGroupsHelper.sortMethods() took 8 ms.
2025-03-28 15:58:18,464 [main] INFO org.testng.internal.Utils - [Utils] MethodGroupsHelper.collectMethodsByGroup() took 0 ms.
2025-03-28 15:58:18,465 [main] INFO org.testng.internal.Utils - [Utils] MethodGroupsHelper.sortMethods() took 0 ms.
2025-03-28 15:58:18,466 [main] INFO org.testng.internal.Utils - [Utils] MethodGroupsHelper.collectMethodsByGroup() took 0 ms.
2025-03-28 15:58:18,466 [main] INFO org.testng.internal.Utils - [Utils] MethodGroupsHelper.sortMethods() took 0 ms.
2025-03-28 15:58:18,467 [main] INFO org.testng.internal.Utils - [Utils] MethodGroupsHelper.collectMethodsByGroup() took 0 ms.
2025-03-28 15:58:18,467 [main] INFO org.testng.internal.Utils - [Utils] MethodGroupsHelper.sortMethods() took 0 ms.
2025-03-28 15:58:18,470 [main] INFO org.testng.internal.Utils - [Utils] MethodGroupsHelper.collectMethodsByGroup() took 0 ms.
2025-03-28 15:58:18,470 [main] INFO org.testng.internal.Utils - [Utils] MethodGroupsHelper.sortMethods() took 0 ms.
2025-03-28 15:58:18,470 [main] INFO org.testng.internal.Utils - [Utils] MethodGroupsHelper.collectMethodsByGroup() took 0 ms.
2025-03-28 15:58:18,471 [main] INFO org.testng.internal.Utils - [Utils] MethodGroupsHelper.sortMethods() took 0 ms.
2025-03-28 15:58:18,474 [main] INFO org.testng.internal.Utils - [Utils] MethodGroupsHelper.collectMethodsByGroup() took 0 ms.
2025-03-28 15:58:18,474 [main] INFO org.testng.internal.Utils - [Utils] MethodGroupsHelper.sortMethods() took 0 ms.
2025-03-28 15:58:18,474 [main] INFO org.testng.internal.Utils - [Utils] MethodGroupsHelper.collectMethodsByGroup() took 0 ms.
2025-03-28 15:58:18,474 [main] INFO org.testng.internal.Utils - [Utils] MethodGroupsHelper.sortMethods() took 0 ms.
2025-03-28 15:58:18,476 [main] INFO org.testng.internal.Utils - [Utils] MethodGroupsHelper.collectMethodsByGroup() took 0 ms.
2025-03-28 15:58:18,476 [main] INFO org.testng.internal.Utils - [Utils] MethodGroupsHelper.sortMethods() took 0 ms.
2025-03-28 15:58:18,477 [main] INFO org.testng.internal.Utils - [Utils] MethodGroupsHelper.collectMethodsByGroup() took 0 ms.
2025-03-28 15:58:18,478 [main] INFO org.testng.internal.Utils - [Utils] MethodGroupsHelper.sortMethods() took 0 ms.
2025-03-28 15:58:18,478 [main] INFO org.testng.internal.Utils - [Utils] MethodGroupsHelper.collectMethodsByGroup() took 0 ms.
2025-03-28 15:58:18,478 [main] INFO org.testng.internal.Utils - [Utils] MethodGroupsHelper.sortMethods() took 0 ms.
2025-03-28 15:58:18,487 [main] INFO org.testng.internal.Utils - [TestNG] Running:
  C:\Users\vishn\AppData\Local\Temp\testng-eclipse-1019894306\testng-customsuite.xml

2025-03-28 15:58:18,503 [main] INFO org.testng.internal.Utils - [Utils] DynamicGraphHelper.createDynamicGraph() took 3 ms.
2025-03-28 15:58:22,538 [main] INFO testCases.TC_001_AccountRegistrationTest - *****Clicked My Account Button*****
2025-03-28 15:58:23,137 [main] INFO testCases.TC_001_AccountRegistrationTest - *****Clicked Register button*****
2025-03-28 15:58:23,139 [main] INFO testCases.TC_001_AccountRegistrationTest - *****Passed inputs*****
2025-03-28 15:58:24,498 [main] INFO testCases.TC_001_AccountRegistrationTest - *****Clicked Privacy Policy*****
2025-03-28 15:58:24,668 [main] INFO testCases.TC_001_AccountRegistrationTest - *****Clicked Continue button*****
2025-03-28 15:58:25,451 [main] INFO testCases.TC_001_AccountRegistrationTest - *****Verified Confirmation Msg*****
2025-03-28 15:58:25,451 [main] INFO testCases.TC_001_AccountRegistrationTest - *****SUCCESSFULLY FINISHED TESTCASE: TC_001_AccountRegistrationTest*****
2025-03-28 15:58:25,788 [main] INFO org.testng.internal.Utils - [TestNG] Time taken by org.testng.reporters.jq.Main@971e903: 55 ms
2025-03-28 15:58:25,790 [main] INFO org.testng.internal.Utils - [TestNG] Time taken by org.testng.reporters.FailedReporter@3e4f80cb: 1 ms
2025-03-28 15:58:25,796 [main] INFO org.testng.internal.Utils - [TestNG] Time taken by org.testng.reporters.XMLReporter@191a709b: 6 ms
2025-03-28 15:58:25,802 [main] INFO org.testng.internal.Utils - [TestNG] Time taken by org.testng.reporters.EmailableReporter2@7cb2651f: 5 ms
2025-03-28 15:58:25,807 [main] INFO org.testng.internal.Utils - [TestNG] Time taken by org.testng.reporters.JUnitReportReporter@f3fcd59: 5 ms
2025-03-28 15:58:25,808 [main] INFO org.testng.internal.Utils - [TestNG] Time taken by org.testng.internal.ExitCodeListener@2b56f5f8: 1 ms
2025-03-28 16:01:18,517 [main] INFO org.testng.internal.Utils - [Utils] MethodGroupsHelper.collectMethodsByGroup() took 0 ms.
2025-03-28 16:01:18,524 [main] INFO org.testng.internal.Utils - [Utils] MethodGroupsHelper.sortMethods() took 1 ms.
2025-03-28 16:01:18,527 [main] INFO org.testng.internal.Utils - [Utils] MethodGroupsHelper.collectMethodsByGroup() took 0 ms.
2025-03-28 16:01:18,527 [main] INFO org.testng.internal.Utils - [Utils] MethodGroupsHelper.sortMethods() took 0 ms.
2025-03-28 16:01:18,527 [main] INFO org.testng.internal.Utils - [Utils] MethodGroupsHelper.collectMethodsByGroup() took 0 ms.
2025-03-28 16:01:18,528 [main] INFO org.testng.internal.Utils - [Utils] MethodGroupsHelper.sortMethods() took 0 ms.
2025-03-28 16:01:18,528 [main] INFO org.testng.internal.Utils - [Utils] MethodGroupsHelper.collectMethodsByGroup() took 0 ms.
2025-03-28 16:01:18,528 [main] INFO org.testng.internal.Utils - [Utils] MethodGroupsHelper.sortMethods() took 0 ms.
2025-03-28 16:01:18,538 [main] INFO org.testng.internal.Utils - [Utils] MethodGroupsHelper.collectMethodsByGroup() took 6 ms.
2025-03-28 16:01:18,548 [main] INFO org.testng.internal.Utils - [Utils] MethodGroupsHelper.sortMethods() took 8 ms.
2025-03-28 16:01:18,550 [main] INFO org.testng.internal.Utils - [Utils] MethodGroupsHelper.collectMethodsByGroup() took 0 ms.
2025-03-28 16:01:18,552 [main] INFO org.testng.internal.Utils - [Utils] MethodGroupsHelper.sortMethods() took 0 ms.
2025-03-28 16:01:18,554 [main] INFO org.testng.internal.Utils - [Utils] MethodGroupsHelper.collectMethodsByGroup() took 0 ms.
2025-03-28 16:01:18,554 [main] INFO org.testng.internal.Utils - [Utils] MethodGroupsHelper.sortMethods() took 0 ms.
2025-03-28 16:01:18,555 [main] INFO org.testng.internal.Utils - [Utils] MethodGroupsHelper.collectMethodsByGroup() took 0 ms.
2025-03-28 16:01:18,556 [main] INFO org.testng.internal.Utils - [Utils] MethodGroupsHelper.sortMethods() took 0 ms.
2025-03-28 16:01:18,559 [main] INFO org.testng.internal.Utils - [Utils] MethodGroupsHelper.collectMethodsByGroup() took 0 ms.
2025-03-28 16:01:18,559 [main] INFO org.testng.internal.Utils - [Utils] MethodGroupsHelper.sortMethods() took 0 ms.
2025-03-28 16:01:18,560 [main] INFO org.testng.internal.Utils - [Utils] MethodGroupsHelper.collectMethodsByGroup() took 0 ms.
2025-03-28 16:01:18,560 [main] INFO org.testng.internal.Utils - [Utils] MethodGroupsHelper.sortMethods() took 0 ms.
2025-03-28 16:01:18,563 [main] INFO org.testng.internal.Utils - [Utils] MethodGroupsHelper.collectMethodsByGroup() took 0 ms.
2025-03-28 16:01:18,564 [main] INFO org.testng.internal.Utils - [Utils] MethodGroupsHelper.sortMethods() took 0 ms.
2025-03-28 16:01:18,564 [main] INFO org.testng.internal.Utils - [Utils] MethodGroupsHelper.collectMethodsByGroup() took 0 ms.
2025-03-28 16:01:18,564 [main] INFO org.testng.internal.Utils - [Utils] MethodGroupsHelper.sortMethods() took 0 ms.
2025-03-28 16:01:18,566 [main] INFO org.testng.internal.Utils - [Utils] MethodGroupsHelper.collectMethodsByGroup() took 1 ms.
2025-03-28 16:01:18,567 [main] INFO org.testng.internal.Utils - [Utils] MethodGroupsHelper.sortMethods() took 0 ms.
2025-03-28 16:01:18,570 [main] INFO org.testng.internal.Utils - [Utils] MethodGroupsHelper.collectMethodsByGroup() took 0 ms.
2025-03-28 16:01:18,571 [main] INFO org.testng.internal.Utils - [Utils] MethodGroupsHelper.sortMethods() took 0 ms.
2025-03-28 16:01:18,571 [main] INFO org.testng.internal.Utils - [Utils] MethodGroupsHelper.collectMethodsByGroup() took 0 ms.
2025-03-28 16:01:18,571 [main] INFO org.testng.internal.Utils - [Utils] MethodGroupsHelper.sortMethods() took 0 ms.
2025-03-28 16:01:18,580 [main] INFO org.testng.internal.Utils - [TestNG] Running:
  C:\Users\vishn\AppData\Local\Temp\testng-eclipse-94617530\testng-customsuite.xml

2025-03-28 16:01:18,598 [main] INFO org.testng.internal.Utils - [Utils] DynamicGraphHelper.createDynamicGraph() took 3 ms.
2025-03-28 16:01:23,674 [main] INFO testCases.TC_001_AccountRegistrationTest - *****Clicked My Account Button*****
2025-03-28 16:01:24,489 [main] INFO testCases.TC_001_AccountRegistrationTest - *****Clicked Register button*****
2025-03-28 16:01:24,491 [main] INFO testCases.TC_001_AccountRegistrationTest - *****Passed inputs*****
2025-03-28 16:01:25,788 [main] INFO testCases.TC_001_AccountRegistrationTest - *****Clicked Privacy Policy*****
2025-03-28 16:01:26,828 [main] INFO testCases.TC_001_AccountRegistrationTest - *****Clicked Continue button*****
2025-03-28 16:01:27,270 [main] INFO org.testng.internal.Utils - [TestNG] Time taken by org.testng.reporters.jq.Main@3bead518: 64 ms
2025-03-28 16:01:27,283 [main] INFO org.testng.internal.Utils - [TestNG] Time taken by org.testng.reporters.FailedReporter@2764c546: 13 ms
2025-03-28 16:01:27,294 [main] INFO org.testng.internal.Utils - [TestNG] Time taken by org.testng.reporters.XMLReporter@5cbd159f: 9 ms
2025-03-28 16:01:27,301 [main] INFO org.testng.internal.Utils - [TestNG] Time taken by org.testng.reporters.EmailableReporter2@4eb30d44: 7 ms
2025-03-28 16:01:27,311 [main] INFO org.testng.internal.Utils - [TestNG] Time taken by org.testng.reporters.JUnitReportReporter@6fd77352: 9 ms
2025-03-28 16:01:27,312 [main] INFO org.testng.internal.Utils - [TestNG] Time taken by org.testng.internal.ExitCodeListener@5109e8cf: 0 ms
2025-03-28 16:02:24,058 [main] DEBUG org.testng.TestNG - suiteXmlPath: "C:\Users\vishn\AppData\Local\Temp\testng-eclipse-897496539\testng-customsuite.xml"
2025-03-28 16:02:24,326 [main] INFO org.testng.internal.Utils - [Utils] MethodGroupsHelper.collectMethodsByGroup() took 0 ms.
2025-03-28 16:02:24,329 [main] INFO org.testng.internal.Utils - [Utils] MethodGroupsHelper.sortMethods() took 1 ms.
2025-03-28 16:02:24,331 [main] INFO org.testng.internal.Utils - [Utils] MethodGroupsHelper.collectMethodsByGroup() took 0 ms.
2025-03-28 16:02:24,331 [main] INFO org.testng.internal.Utils - [Utils] MethodGroupsHelper.sortMethods() took 0 ms.
2025-03-28 16:02:24,332 [main] INFO org.testng.internal.Utils - [Utils] MethodGroupsHelper.collectMethodsByGroup() took 0 ms.
2025-03-28 16:02:24,333 [main] INFO org.testng.internal.Utils - [Utils] MethodGroupsHelper.sortMethods() took 0 ms.
2025-03-28 16:02:24,334 [main] INFO org.testng.internal.Utils - [Utils] MethodGroupsHelper.collectMethodsByGroup() took 0 ms.
2025-03-28 16:02:24,334 [main] INFO org.testng.internal.Utils - [Utils] MethodGroupsHelper.sortMethods() took 0 ms.
2025-03-28 16:02:24,348 [main] INFO org.testng.internal.Utils - [Utils] MethodGroupsHelper.collectMethodsByGroup() took 8 ms.
2025-03-28 16:02:24,362 [main] INFO org.testng.internal.Utils - [Utils] MethodGroupsHelper.sortMethods() took 13 ms.
2025-03-28 16:02:24,365 [main] INFO org.testng.internal.Utils - [Utils] MethodGroupsHelper.collectMethodsByGroup() took 0 ms.
2025-03-28 16:02:24,365 [main] INFO org.testng.internal.Utils - [Utils] MethodGroupsHelper.sortMethods() took 0 ms.
2025-03-28 16:02:24,367 [main] INFO org.testng.internal.Utils - [Utils] MethodGroupsHelper.collectMethodsByGroup() took 0 ms.
2025-03-28 16:02:24,367 [main] INFO org.testng.internal.Utils - [Utils] MethodGroupsHelper.sortMethods() took 0 ms.
2025-03-28 16:02:24,368 [main] INFO org.testng.internal.Utils - [Utils] MethodGroupsHelper.collectMethodsByGroup() took 0 ms.
2025-03-28 16:02:24,368 [main] INFO org.testng.internal.Utils - [Utils] MethodGroupsHelper.sortMethods() took 0 ms.
2025-03-28 16:02:24,373 [main] INFO org.testng.internal.Utils - [Utils] MethodGroupsHelper.collectMethodsByGroup() took 0 ms.
2025-03-28 16:02:24,373 [main] INFO org.testng.internal.Utils - [Utils] MethodGroupsHelper.sortMethods() took 0 ms.
2025-03-28 16:02:24,375 [main] INFO org.testng.internal.Utils - [Utils] MethodGroupsHelper.collectMethodsByGroup() took 0 ms.
2025-03-28 16:02:24,375 [main] INFO org.testng.internal.Utils - [Utils] MethodGroupsHelper.sortMethods() took 0 ms.
2025-03-28 16:02:24,379 [main] INFO org.testng.internal.Utils - [Utils] MethodGroupsHelper.collectMethodsByGroup() took 0 ms.
2025-03-28 16:02:24,380 [main] INFO org.testng.internal.Utils - [Utils] MethodGroupsHelper.sortMethods() took 0 ms.
2025-03-28 16:02:24,380 [main] INFO org.testng.internal.Utils - [Utils] MethodGroupsHelper.collectMethodsByGroup() took 0 ms.
2025-03-28 16:02:24,380 [main] INFO org.testng.internal.Utils - [Utils] MethodGroupsHelper.sortMethods() took 0 ms.
2025-03-28 16:02:24,383 [main] INFO org.testng.internal.Utils - [Utils] MethodGroupsHelper.collectMethodsByGroup() took 0 ms.
2025-03-28 16:02:24,384 [main] INFO org.testng.internal.Utils - [Utils] MethodGroupsHelper.sortMethods() took 0 ms.
2025-03-28 16:02:24,388 [main] INFO org.testng.internal.Utils - [Utils] MethodGroupsHelper.collectMethodsByGroup() took 0 ms.
2025-03-28 16:02:24,389 [main] INFO org.testng.internal.Utils - [Utils] MethodGroupsHelper.sortMethods() took 0 ms.
2025-03-28 16:02:24,389 [main] INFO org.testng.internal.Utils - [Utils] MethodGroupsHelper.collectMethodsByGroup() took 0 ms.
2025-03-28 16:02:24,389 [main] INFO org.testng.internal.Utils - [Utils] MethodGroupsHelper.sortMethods() took 0 ms.
2025-03-28 16:02:24,401 [main] INFO org.testng.internal.Utils - [TestNG] Running:
  C:\Users\vishn\AppData\Local\Temp\testng-eclipse-897496539\testng-customsuite.xml

2025-03-28 16:02:24,431 [main] INFO org.testng.internal.Utils - [Utils] DynamicGraphHelper.createDynamicGraph() took 5 ms.
2025-03-28 16:02:29,225 [main] INFO testCases.TC_001_AccountRegistrationTest - *****Clicked My Account Button*****
2025-03-28 16:02:29,937 [main] INFO testCases.TC_001_AccountRegistrationTest - *****Clicked Register button*****
2025-03-28 16:02:29,943 [main] INFO testCases.TC_001_AccountRegistrationTest - *****Passed inputs*****
2025-03-28 16:02:31,079 [main] INFO testCases.TC_001_AccountRegistrationTest - *****Clicked Privacy Policy*****
2025-03-28 16:02:31,953 [main] INFO testCases.TC_001_AccountRegistrationTest - *****Clicked Continue button*****
2025-03-28 16:02:32,354 [main] INFO org.testng.internal.Utils - [TestNG] Time taken by org.testng.reporters.jq.Main@203c20cf: 59 ms
2025-03-28 16:02:32,367 [main] INFO org.testng.internal.Utils - [TestNG] Time taken by org.testng.reporters.FailedReporter@7918c7f8: 12 ms
2025-03-28 16:02:32,376 [main] INFO org.testng.internal.Utils - [TestNG] Time taken by org.testng.reporters.XMLReporter@4992613f: 9 ms
2025-03-28 16:02:32,388 [main] INFO org.testng.internal.Utils - [TestNG] Time taken by org.testng.reporters.EmailableReporter2@408b87aa: 12 ms
2025-03-28 16:02:32,397 [main] INFO org.testng.internal.Utils - [TestNG] Time taken by org.testng.reporters.JUnitReportReporter@45d6ef73: 9 ms
2025-03-28 16:02:32,397 [main] INFO org.testng.internal.Utils - [TestNG] Time taken by org.testng.internal.ExitCodeListener@3f29e26: 0 ms
2025-03-28 16:05:12,689 [main] DEBUG org.testng.TestNG - suiteXmlPath: "C:\Users\vishn\AppData\Local\Temp\testng-eclipse--1241682154\testng-customsuite.xml"
2025-03-28 16:05:12,894 [main] INFO org.testng.internal.Utils - [Utils] MethodGroupsHelper.collectMethodsByGroup() took 0 ms.
2025-03-28 16:05:12,898 [main] INFO org.testng.internal.Utils - [Utils] MethodGroupsHelper.sortMethods() took 1 ms.
2025-03-28 16:05:12,900 [main] INFO org.testng.internal.Utils - [Utils] MethodGroupsHelper.collectMethodsByGroup() took 0 ms.
2025-03-28 16:05:12,901 [main] INFO org.testng.internal.Utils - [Utils] MethodGroupsHelper.sortMethods() took 0 ms.
2025-03-28 16:05:12,901 [main] INFO org.testng.internal.Utils - [Utils] MethodGroupsHelper.collectMethodsByGroup() took 0 ms.
2025-03-28 16:05:12,901 [main] INFO org.testng.internal.Utils - [Utils] MethodGroupsHelper.sortMethods() took 0 ms.
2025-03-28 16:05:12,902 [main] INFO org.testng.internal.Utils - [Utils] MethodGroupsHelper.collectMethodsByGroup() took 0 ms.
2025-03-28 16:05:12,902 [main] INFO org.testng.internal.Utils - [Utils] MethodGroupsHelper.sortMethods() took 0 ms.
2025-03-28 16:05:12,911 [main] INFO org.testng.internal.Utils - [Utils] MethodGroupsHelper.collectMethodsByGroup() took 6 ms.
2025-03-28 16:05:12,920 [main] INFO org.testng.internal.Utils - [Utils] MethodGroupsHelper.sortMethods() took 8 ms.
2025-03-28 16:05:12,922 [main] INFO org.testng.internal.Utils - [Utils] MethodGroupsHelper.collectMethodsByGroup() took 0 ms.
2025-03-28 16:05:12,922 [main] INFO org.testng.internal.Utils - [Utils] MethodGroupsHelper.sortMethods() took 0 ms.
2025-03-28 16:05:12,923 [main] INFO org.testng.internal.Utils - [Utils] MethodGroupsHelper.collectMethodsByGroup() took 0 ms.
2025-03-28 16:05:12,923 [main] INFO org.testng.internal.Utils - [Utils] MethodGroupsHelper.sortMethods() took 0 ms.
2025-03-28 16:05:12,924 [main] INFO org.testng.internal.Utils - [Utils] MethodGroupsHelper.collectMethodsByGroup() took 0 ms.
2025-03-28 16:05:12,924 [main] INFO org.testng.internal.Utils - [Utils] MethodGroupsHelper.sortMethods() took 0 ms.
2025-03-28 16:05:12,926 [main] INFO org.testng.internal.Utils - [Utils] MethodGroupsHelper.collectMethodsByGroup() took 0 ms.
2025-03-28 16:05:12,927 [main] INFO org.testng.internal.Utils - [Utils] MethodGroupsHelper.sortMethods() took 0 ms.
2025-03-28 16:05:12,927 [main] INFO org.testng.internal.Utils - [Utils] MethodGroupsHelper.collectMethodsByGroup() took 0 ms.
2025-03-28 16:05:12,927 [main] INFO org.testng.internal.Utils - [Utils] MethodGroupsHelper.sortMethods() took 0 ms.
2025-03-28 16:05:12,931 [main] INFO org.testng.internal.Utils - [Utils] MethodGroupsHelper.collectMethodsByGroup() took 0 ms.
2025-03-28 16:05:12,931 [main] INFO org.testng.internal.Utils - [Utils] MethodGroupsHelper.sortMethods() took 0 ms.
2025-03-28 16:05:12,931 [main] INFO org.testng.internal.Utils - [Utils] MethodGroupsHelper.collectMethodsByGroup() took 0 ms.
2025-03-28 16:05:12,931 [main] INFO org.testng.internal.Utils - [Utils] MethodGroupsHelper.sortMethods() took 0 ms.
2025-03-28 16:05:12,932 [main] INFO org.testng.internal.Utils - [Utils] MethodGroupsHelper.collectMethodsByGroup() took 0 ms.
2025-03-28 16:05:12,933 [main] INFO org.testng.internal.Utils - [Utils] MethodGroupsHelper.sortMethods() took 0 ms.
2025-03-28 16:05:12,934 [main] INFO org.testng.internal.Utils - [Utils] MethodGroupsHelper.collectMethodsByGroup() took 0 ms.
2025-03-28 16:05:12,934 [main] INFO org.testng.internal.Utils - [Utils] MethodGroupsHelper.sortMethods() took 0 ms.
2025-03-28 16:05:12,935 [main] INFO org.testng.internal.Utils - [Utils] MethodGroupsHelper.collectMethodsByGroup() took 0 ms.
2025-03-28 16:05:12,935 [main] INFO org.testng.internal.Utils - [Utils] MethodGroupsHelper.sortMethods() took 0 ms.
2025-03-28 16:05:12,943 [main] INFO org.testng.internal.Utils - [TestNG] Running:
  C:\Users\vishn\AppData\Local\Temp\testng-eclipse--1241682154\testng-customsuite.xml

2025-03-28 16:05:12,960 [main] INFO org.testng.internal.Utils - [Utils] DynamicGraphHelper.createDynamicGraph() took 3 ms.
2025-03-28 16:05:17,131 [main] INFO testCases.TC_001_AccountRegistrationTest - *****Clicked My Account Button*****
2025-03-28 16:05:17,777 [main] INFO testCases.TC_001_AccountRegistrationTest - *****Clicked Register button*****
2025-03-28 16:05:17,785 [main] INFO testCases.TC_001_AccountRegistrationTest - *****Passed inputs*****
2025-03-28 16:05:19,131 [main] INFO testCases.TC_001_AccountRegistrationTest - *****Clicked Privacy Policy*****
2025-03-28 16:05:20,015 [main] INFO testCases.TC_001_AccountRegistrationTest - *****Clicked Continue button*****
2025-03-28 16:05:20,063 [main] ERROR testCases.TC_001_AccountRegistrationTest - *****TEST FAILED*****
2025-03-28 16:05:20,063 [main] DEBUG testCases.TC_001_AccountRegistrationTest - *****Debug Logs*****
2025-03-28 16:05:20,392 [main] INFO org.testng.internal.Utils - [TestNG] Time taken by org.testng.reporters.jq.Main@203c20cf: 64 ms
2025-03-28 16:05:20,406 [main] INFO org.testng.internal.Utils - [TestNG] Time taken by org.testng.reporters.FailedReporter@7918c7f8: 14 ms
2025-03-28 16:05:20,417 [main] INFO org.testng.internal.Utils - [TestNG] Time taken by org.testng.reporters.XMLReporter@4992613f: 11 ms
2025-03-28 16:05:20,427 [main] INFO org.testng.internal.Utils - [TestNG] Time taken by org.testng.reporters.EmailableReporter2@408b87aa: 10 ms
2025-03-28 16:05:20,437 [main] INFO org.testng.internal.Utils - [TestNG] Time taken by org.testng.reporters.JUnitReportReporter@45d6ef73: 9 ms
2025-03-28 16:05:20,437 [main] INFO org.testng.internal.Utils - [TestNG] Time taken by org.testng.internal.ExitCodeListener@3f29e26: 0 ms
2025-03-28 16:38:01,828 [main] DEBUG org.testng.TestNG - suiteXmlPath: "C:\Users\vishn\eclipse-workspace\OpencartV121\crossBrowserTesting.xml"
2025-03-28 16:38:02,113 [main] INFO org.testng.internal.Utils - [TestNG] Running:
  C:\Users\vishn\eclipse-workspace\OpencartV121\crossBrowserTesting.xml

2025-03-28 16:38:07,599 [main] INFO testCases.TC_001_AccountRegistrationTest - *****Clicked My Account Button*****
2025-03-28 16:38:08,318 [main] INFO testCases.TC_001_AccountRegistrationTest - *****Clicked Register button*****
2025-03-28 16:38:08,321 [main] INFO testCases.TC_001_AccountRegistrationTest - *****Passed inputs*****
2025-03-28 16:38:09,634 [main] INFO testCases.TC_001_AccountRegistrationTest - *****Clicked Privacy Policy*****
2025-03-28 16:38:10,590 [main] INFO testCases.TC_001_AccountRegistrationTest - *****Clicked Continue button*****
2025-03-28 16:38:10,640 [main] ERROR testCases.TC_001_AccountRegistrationTest - *****TEST FAILED*****
2025-03-28 16:38:10,640 [main] DEBUG testCases.TC_001_AccountRegistrationTest - *****Debug Logs*****
2025-03-28 16:39:47,833 [main] INFO testCases.TC_001_AccountRegistrationTest - *****Clicked My Account Button*****
2025-03-28 16:39:48,718 [main] INFO testCases.TC_001_AccountRegistrationTest - *****Clicked Register button*****
2025-03-28 16:39:48,719 [main] INFO testCases.TC_001_AccountRegistrationTest - *****Passed inputs*****
2025-03-28 16:39:50,605 [main] INFO testCases.TC_001_AccountRegistrationTest - *****Clicked Privacy Policy*****
2025-03-28 16:39:51,557 [main] INFO testCases.TC_001_AccountRegistrationTest - *****Clicked Continue button*****
2025-03-28 16:39:51,619 [main] ERROR testCases.TC_001_AccountRegistrationTest - *****TEST FAILED*****
2025-03-28 16:39:51,620 [main] DEBUG testCases.TC_001_AccountRegistrationTest - *****Debug Logs*****
2025-03-28 16:40:09,354 [main] INFO testCases.TC_001_AccountRegistrationTest - *****Clicked My Account Button*****
2025-03-28 16:40:10,032 [main] INFO testCases.TC_001_AccountRegistrationTest - *****Clicked Register button*****
2025-03-28 16:40:10,033 [main] INFO testCases.TC_001_AccountRegistrationTest - *****Passed inputs*****
2025-03-28 16:40:11,305 [main] INFO testCases.TC_001_AccountRegistrationTest - *****Clicked Privacy Policy*****
2025-03-28 16:40:12,201 [main] INFO testCases.TC_001_AccountRegistrationTest - *****Clicked Continue button*****
2025-03-28 16:40:12,285 [main] ERROR testCases.TC_001_AccountRegistrationTest - *****TEST FAILED*****
2025-03-28 16:40:12,286 [main] DEBUG testCases.TC_001_AccountRegistrationTest - *****Debug Logs*****
2025-03-28 16:41:08,476 [main] DEBUG org.testng.TestNG - suiteXmlPath: "C:\Users\vishn\eclipse-workspace\OpencartV121\crossBrowserTesting.xml"
2025-03-28 16:41:08,760 [main] INFO org.testng.internal.Utils - [TestNG] Running:
  C:\Users\vishn\eclipse-workspace\OpencartV121\crossBrowserTesting.xml

2025-03-28 16:41:14,285 [main] INFO testCases.TC_001_AccountRegistrationTest - *****Clicked My Account Button*****
2025-03-28 16:41:14,876 [main] INFO testCases.TC_001_AccountRegistrationTest - *****Clicked Register button*****
2025-03-28 16:41:14,880 [main] INFO testCases.TC_001_AccountRegistrationTest - *****Passed inputs*****
2025-03-28 16:41:16,178 [main] INFO testCases.TC_001_AccountRegistrationTest - *****Clicked Privacy Policy*****
2025-03-28 16:41:16,342 [main] INFO testCases.TC_001_AccountRegistrationTest - *****Clicked Continue button*****
2025-03-28 16:41:17,168 [main] INFO testCases.TC_001_AccountRegistrationTest - *****Verified Confirmation Msg*****
2025-03-28 16:41:17,169 [main] INFO testCases.TC_001_AccountRegistrationTest - *****SUCCESSFULLY FINISHED TESTCASE: TC_001_AccountRegistrationTest*****
2025-03-28 16:41:25,367 [main] INFO testCases.TC_001_AccountRegistrationTest - *****Clicked My Account Button*****
2025-03-28 16:41:26,098 [main] INFO testCases.TC_001_AccountRegistrationTest - *****Clicked Register button*****
2025-03-28 16:41:26,101 [main] INFO testCases.TC_001_AccountRegistrationTest - *****Passed inputs*****
2025-03-28 16:41:27,528 [main] INFO testCases.TC_001_AccountRegistrationTest - *****Clicked Privacy Policy*****
2025-03-28 16:41:28,379 [main] INFO testCases.TC_001_AccountRegistrationTest - *****Clicked Continue button*****
2025-03-28 16:41:28,468 [main] INFO testCases.TC_001_AccountRegistrationTest - *****Verified Confirmation Msg*****
2025-03-28 16:41:28,469 [main] INFO testCases.TC_001_AccountRegistrationTest - *****SUCCESSFULLY FINISHED TESTCASE: TC_001_AccountRegistrationTest*****
2025-03-28 16:41:35,369 [main] INFO testCases.TC_001_AccountRegistrationTest - *****Clicked My Account Button*****
2025-03-28 16:41:36,101 [main] INFO testCases.TC_001_AccountRegistrationTest - *****Clicked Register button*****
2025-03-28 16:41:36,103 [main] INFO testCases.TC_001_AccountRegistrationTest - *****Passed inputs*****
2025-03-28 16:41:37,395 [main] INFO testCases.TC_001_AccountRegistrationTest - *****Clicked Privacy Policy*****
2025-03-28 16:41:38,490 [main] INFO testCases.TC_001_AccountRegistrationTest - *****Clicked Continue button*****
2025-03-28 16:41:38,539 [main] INFO testCases.TC_001_AccountRegistrationTest - *****Verified Confirmation Msg*****
2025-03-28 16:41:38,539 [main] INFO testCases.TC_001_AccountRegistrationTest - *****SUCCESSFULLY FINISHED TESTCASE: TC_001_AccountRegistrationTest*****
2025-03-28 16:42:38,189 [main] DEBUG org.testng.TestNG - suiteXmlPath: "C:\Users\vishn\eclipse-workspace\OpencartV121\crossBrowserTesting.xml"
2025-03-28 16:42:38,431 [main] INFO org.testng.internal.Utils - [TestNG] Running:
  C:\Users\vishn\eclipse-workspace\OpencartV121\crossBrowserTesting.xml

2025-03-28 16:42:45,597 [main] INFO testCases.TC_001_AccountRegistrationTest - *****Clicked My Account Button*****
2025-03-28 16:42:46,400 [main] INFO testCases.TC_001_AccountRegistrationTest - *****Clicked Register button*****
2025-03-28 16:42:46,406 [main] INFO testCases.TC_001_AccountRegistrationTest - *****Passed inputs*****
2025-03-28 16:42:47,627 [main] INFO testCases.TC_001_AccountRegistrationTest - *****Clicked Privacy Policy*****
2025-03-28 16:42:48,610 [main] INFO testCases.TC_001_AccountRegistrationTest - *****Clicked Continue button*****
2025-03-28 16:42:48,662 [main] INFO testCases.TC_001_AccountRegistrationTest - *****Verified Confirmation Msg*****
2025-03-28 16:42:48,663 [main] INFO testCases.TC_001_AccountRegistrationTest - *****SUCCESSFULLY FINISHED TESTCASE: TC_001_AccountRegistrationTest*****
2025-03-28 16:43:09,065 [main] DEBUG org.testng.TestNG - suiteXmlPath: "C:\Users\vishn\eclipse-workspace\OpencartV121\crossBrowserTesting.xml"
2025-03-28 16:43:09,358 [main] INFO org.testng.internal.Utils - [TestNG] Running:
  C:\Users\vishn\eclipse-workspace\OpencartV121\crossBrowserTesting.xml

2025-03-28 16:43:17,908 [TestNG-tests-1] INFO testCases.TC_001_AccountRegistrationTest - *****Clicked My Account Button*****
2025-03-28 16:43:19,864 [TestNG-tests-1] INFO testCases.TC_001_AccountRegistrationTest - *****Clicked Register button*****
2025-03-28 16:43:19,868 [TestNG-tests-1] INFO testCases.TC_001_AccountRegistrationTest - *****Passed inputs*****
2025-03-28 16:43:20,384 [TestNG-tests-3] INFO testCases.TC_001_AccountRegistrationTest - *****Clicked My Account Button*****
2025-03-28 16:43:21,275 [TestNG-tests-3] INFO testCases.TC_001_AccountRegistrationTest - *****Clicked Register button*****
2025-03-28 16:43:21,276 [TestNG-tests-3] INFO testCases.TC_001_AccountRegistrationTest - *****Passed inputs*****
2025-03-28 16:43:22,411 [TestNG-tests-1] INFO testCases.TC_001_AccountRegistrationTest - *****Clicked Privacy Policy*****
2025-03-28 16:43:23,356 [TestNG-tests-3] INFO testCases.TC_001_AccountRegistrationTest - *****Clicked Privacy Policy*****
2025-03-28 16:43:23,417 [TestNG-tests-2] INFO testCases.TC_001_AccountRegistrationTest - *****Clicked My Account Button*****
2025-03-28 16:43:23,432 [TestNG-tests-1] INFO testCases.TC_001_AccountRegistrationTest - *****Clicked Continue button*****
2025-03-28 16:43:23,516 [TestNG-tests-1] INFO testCases.TC_001_AccountRegistrationTest - *****Verified Confirmation Msg*****
2025-03-28 16:43:23,516 [TestNG-tests-1] INFO testCases.TC_001_AccountRegistrationTest - *****SUCCESSFULLY FINISHED TESTCASE: TC_001_AccountRegistrationTest*****
2025-03-28 16:43:24,348 [TestNG-tests-2] INFO testCases.TC_001_AccountRegistrationTest - *****Clicked Register button*****
2025-03-28 16:43:24,350 [TestNG-tests-2] INFO testCases.TC_001_AccountRegistrationTest - *****Passed inputs*****
2025-03-28 16:43:24,668 [TestNG-tests-3] INFO testCases.TC_001_AccountRegistrationTest - *****Clicked Continue button*****
2025-03-28 16:43:24,743 [TestNG-tests-3] INFO testCases.TC_001_AccountRegistrationTest - *****Verified Confirmation Msg*****
2025-03-28 16:43:24,743 [TestNG-tests-3] INFO testCases.TC_001_AccountRegistrationTest - *****SUCCESSFULLY FINISHED TESTCASE: TC_001_AccountRegistrationTest*****
2025-03-28 16:43:26,082 [TestNG-tests-2] INFO testCases.TC_001_AccountRegistrationTest - *****Clicked Privacy Policy*****
2025-03-28 16:43:27,200 [TestNG-tests-2] INFO testCases.TC_001_AccountRegistrationTest - *****Clicked Continue button*****
2025-03-28 16:43:27,247 [TestNG-tests-2] INFO testCases.TC_001_AccountRegistrationTest - *****Verified Confirmation Msg*****
2025-03-28 16:43:27,247 [TestNG-tests-2] INFO testCases.TC_001_AccountRegistrationTest - *****SUCCESSFULLY FINISHED TESTCASE: TC_001_AccountRegistrationTest*****
2025-03-28 17:08:39,245 [main] DEBUG org.testng.TestNG - suiteXmlPath: "C:\Users\vishn\eclipse-workspace\OpencartV121\master.xml"
2025-03-28 17:08:39,544 [main] INFO org.testng.internal.Utils - [TestNG] Running:
  C:\Users\vishn\eclipse-workspace\OpencartV121\master.xml

2025-03-28 17:08:48,982 [main] INFO testCases.TC_001_AccountRegistrationTest - *****Clicked My Account Button*****
2025-03-28 17:08:49,782 [main] INFO testCases.TC_001_AccountRegistrationTest - *****Clicked Register button*****
2025-03-28 17:08:49,785 [main] INFO testCases.TC_001_AccountRegistrationTest - *****Passed inputs*****
2025-03-28 17:08:51,060 [main] INFO testCases.TC_001_AccountRegistrationTest - *****Clicked Privacy Policy*****
2025-03-28 17:08:51,883 [main] INFO testCases.TC_001_AccountRegistrationTest - *****Clicked Continue button*****
2025-03-28 17:08:51,949 [main] INFO testCases.TC_001_AccountRegistrationTest - *****Verified Confirmation Msg*****
2025-03-28 17:08:51,949 [main] INFO testCases.TC_001_AccountRegistrationTest - *****SUCCESSFULLY FINISHED TESTCASE: TC_001_AccountRegistrationTest*****
2025-03-28 19:43:45,446 [main] DEBUG org.testng.TestNG - suiteXmlPath: "C:\Users\vishn\eclipse-workspace\OpencartV121\master.xml"
2025-03-28 19:43:45,775 [main] INFO org.testng.internal.Utils - [TestNG] Running:
  C:\Users\vishn\eclipse-workspace\OpencartV121\master.xml

2025-03-28 19:44:10,837 [main] INFO testCases.TC_001_AccountRegistrationTest - *****Clicked My Account Button*****
2025-03-28 19:44:11,811 [main] INFO testCases.TC_001_AccountRegistrationTest - *****Clicked Register button*****
2025-03-28 19:44:11,814 [main] INFO testCases.TC_001_AccountRegistrationTest - *****Passed inputs*****
2025-03-28 19:44:14,563 [main] INFO testCases.TC_001_AccountRegistrationTest - *****Clicked Privacy Policy*****
2025-03-28 19:44:15,913 [main] INFO testCases.TC_001_AccountRegistrationTest - *****Clicked Continue button*****
2025-03-28 19:44:16,023 [main] INFO testCases.TC_001_AccountRegistrationTest - *****Verified Confirmation Msg*****
2025-03-28 19:44:16,024 [main] INFO testCases.TC_001_AccountRegistrationTest - *****SUCCESSFULLY FINISHED TESTCASE: TC_001_AccountRegistrationTest*****
2025-03-28 19:44:54,667 [main] DEBUG org.testng.TestNG - suiteXmlPath: "C:\Users\vishn\eclipse-workspace\OpencartV121\master.xml"
2025-03-28 19:44:54,958 [main] INFO org.testng.internal.Utils - [TestNG] Running:
  C:\Users\vishn\eclipse-workspace\OpencartV121\master.xml

2025-03-28 19:46:23,588 [main] DEBUG org.testng.TestNG - suiteXmlPath: "C:\Users\vishn\eclipse-workspace\OpencartV121\master.xml"
2025-03-28 19:46:23,871 [main] INFO org.testng.internal.Utils - [TestNG] Running:
  C:\Users\vishn\eclipse-workspace\OpencartV121\master.xml

2025-03-28 19:48:32,644 [main] DEBUG org.testng.TestNG - suiteXmlPath: "C:\Users\vishn\eclipse-workspace\OpencartV121\master.xml"
2025-03-28 19:48:32,923 [main] INFO org.testng.internal.Utils - [TestNG] Running:
  C:\Users\vishn\eclipse-workspace\OpencartV121\master.xml

2025-03-28 19:51:20,745 [main] DEBUG org.testng.TestNG - suiteXmlPath: "C:\Users\vishn\eclipse-workspace\OpencartV121\master.xml"
2025-03-28 19:51:21,051 [main] INFO org.testng.internal.Utils - [TestNG] Running:
  C:\Users\vishn\eclipse-workspace\OpencartV121\master.xml

2025-03-28 19:51:31,873 [main] INFO testCases.TC_001_AccountRegistrationTest - *****Clicked My Account Button*****
2025-03-28 19:51:33,110 [main] INFO testCases.TC_001_AccountRegistrationTest - *****Clicked Register button*****
2025-03-28 19:51:33,115 [main] INFO testCases.TC_001_AccountRegistrationTest - *****Passed inputs*****
2025-03-28 19:51:34,773 [main] INFO testCases.TC_001_AccountRegistrationTest - *****Clicked Privacy Policy*****
2025-03-28 19:51:35,810 [main] INFO testCases.TC_001_AccountRegistrationTest - *****Clicked Continue button*****
2025-03-28 19:51:35,874 [main] INFO testCases.TC_001_AccountRegistrationTest - *****Verified Confirmation Msg*****
2025-03-28 19:51:35,874 [main] INFO testCases.TC_001_AccountRegistrationTest - *****SUCCESSFULLY FINISHED TESTCASE: TC_001_AccountRegistrationTest*****
2025-03-28 19:52:48,503 [main] DEBUG org.testng.TestNG - suiteXmlPath: "C:\Users\vishn\eclipse-workspace\OpencartV121\master.xml"
2025-03-28 19:52:48,789 [main] INFO org.testng.internal.Utils - [TestNG] Running:
  C:\Users\vishn\eclipse-workspace\OpencartV121\master.xml

2025-03-28 19:52:55,168 [main] INFO testCases.TC_001_AccountRegistrationTest - *****Clicked My Account Button*****
2025-03-28 19:52:56,178 [main] INFO testCases.TC_001_AccountRegistrationTest - *****Clicked Register button*****
2025-03-28 19:52:56,182 [main] INFO testCases.TC_001_AccountRegistrationTest - *****Passed inputs*****
2025-03-28 19:52:57,640 [main] INFO testCases.TC_001_AccountRegistrationTest - *****Clicked Privacy Policy*****
2025-03-28 19:52:58,631 [main] INFO testCases.TC_001_AccountRegistrationTest - *****Clicked Continue button*****
2025-03-28 19:52:58,683 [main] INFO testCases.TC_001_AccountRegistrationTest - *****Verified Confirmation Msg*****
2025-03-28 19:52:58,683 [main] INFO testCases.TC_001_AccountRegistrationTest - *****SUCCESSFULLY FINISHED TESTCASE: TC_001_AccountRegistrationTest*****
2025-03-28 19:53:15,582 [main] DEBUG org.testng.TestNG - suiteXmlPath: "C:\Users\vishn\eclipse-workspace\OpencartV121\master.xml"
2025-03-28 19:53:15,874 [main] INFO org.testng.internal.Utils - [TestNG] Running:
  C:\Users\vishn\eclipse-workspace\OpencartV121\master.xml

2025-03-28 19:58:08,405 [main] DEBUG org.testng.TestNG - suiteXmlPath: "C:\Users\vishn\eclipse-workspace\OpencartV121\master.xml"
2025-03-28 19:58:08,716 [main] INFO org.testng.internal.Utils - [TestNG] Running:
  C:\Users\vishn\eclipse-workspace\OpencartV121\master.xml

2025-03-28 19:58:16,537 [main] INFO testCases.TC_002_LoginFunctionalityTest - *****TESTCASE STARTED - TC_002_LoginFunctionality*****
2025-03-28 19:58:16,826 [main] INFO testCases.TC_002_LoginFunctionalityTest - *****Clicked My Account link*****
2025-03-28 19:58:17,621 [main] INFO testCases.TC_002_LoginFunctionalityTest - *****Clicked Login link*****
2025-03-28 19:58:27,656 [main] INFO testCases.TC_002_LoginFunctionalityTest - *****Email id enterd*****
2025-03-28 19:58:37,688 [main] INFO testCases.TC_002_LoginFunctionalityTest - *****Password entered*****
2025-03-28 20:01:30,196 [main] DEBUG org.testng.TestNG - suiteXmlPath: "C:\Users\vishn\eclipse-workspace\OpencartV121\master.xml"
2025-03-28 20:01:30,481 [main] INFO org.testng.internal.Utils - [TestNG] Running:
  C:\Users\vishn\eclipse-workspace\OpencartV121\master.xml

2025-03-28 20:01:35,876 [main] INFO testCases.TC_002_LoginFunctionalityTest - *****TESTCASE STARTED - TC_002_LoginFunctionality*****
2025-03-28 20:01:36,221 [main] INFO testCases.TC_002_LoginFunctionalityTest - *****Clicked My Account link*****
2025-03-28 20:01:36,760 [main] INFO testCases.TC_002_LoginFunctionalityTest - *****Clicked Login link*****
2025-03-28 20:01:46,809 [main] INFO testCases.TC_002_LoginFunctionalityTest - *****Email id enterd*****
2025-03-28 20:01:56,850 [main] INFO testCases.TC_002_LoginFunctionalityTest - *****Password entered*****
2025-03-28 20:01:59,309 [main] INFO testCases.TC_002_LoginFunctionalityTest - *****Clicked Login Button*****
2025-03-28 20:04:07,804 [main] DEBUG org.testng.TestNG - suiteXmlPath: "C:\Users\vishn\eclipse-workspace\OpencartV121\master.xml"
2025-03-28 20:04:08,091 [main] INFO org.testng.internal.Utils - [TestNG] Running:
  C:\Users\vishn\eclipse-workspace\OpencartV121\master.xml

2025-03-28 20:04:13,527 [main] INFO testCases.TC_002_LoginFunctionalityTest - *****TESTCASE STARTED - TC_002_LoginFunctionality*****
2025-03-28 20:04:13,870 [main] INFO testCases.TC_002_LoginFunctionalityTest - *****Clicked My Account link*****
2025-03-28 20:04:14,465 [main] INFO testCases.TC_002_LoginFunctionalityTest - *****Clicked Login link*****
2025-03-28 20:04:14,925 [main] INFO testCases.TC_002_LoginFunctionalityTest - *****Email id enterd*****
2025-03-28 20:04:15,243 [main] INFO testCases.TC_002_LoginFunctionalityTest - *****Password entered*****
2025-03-28 20:04:16,270 [main] INFO testCases.TC_002_LoginFunctionalityTest - *****Clicked Login Button*****
2025-03-28 20:04:16,377 [main] INFO testCases.TC_002_LoginFunctionalityTest - *****TESTCASE FINISHED  - TC_002_LoginFunctionality*****
2025-03-28 20:18:00,713 [main] DEBUG org.testng.TestNG - suiteXmlPath: "C:\Users\vishn\eclipse-workspace\OpencartV121\master.xml"
2025-03-28 20:18:01,011 [main] INFO org.testng.internal.Utils - [TestNG] Running:
  C:\Users\vishn\eclipse-workspace\OpencartV121\master.xml

2025-03-28 20:18:11,219 [main] INFO testCases.TC_002_LoginFunctionalityTest - *****TESTCASE STARTED - TC_002_LoginFunctionality*****
2025-03-28 20:18:11,644 [main] INFO testCases.TC_002_LoginFunctionalityTest - *****Clicked My Account link*****
2025-03-28 20:18:12,291 [main] INFO testCases.TC_002_LoginFunctionalityTest - *****Clicked Login link*****
2025-03-28 20:18:12,632 [main] INFO testCases.TC_002_LoginFunctionalityTest - *****Email id enterd*****
2025-03-28 20:18:12,964 [main] INFO testCases.TC_002_LoginFunctionalityTest - *****Password entered*****
2025-03-28 20:18:14,098 [main] INFO testCases.TC_002_LoginFunctionalityTest - *****Clicked Login Button*****
2025-03-28 20:18:14,162 [main] INFO testCases.TC_002_LoginFunctionalityTest - *****TESTCASE FINISHED  - TC_002_LoginFunctionality*****
2025-03-28 20:34:27,142 [main] DEBUG org.testng.TestNG - suiteXmlPath: "C:\Users\vishn\eclipse-workspace\OpencartV121\master.xml"
2025-03-28 20:34:27,430 [main] INFO org.testng.internal.Utils - [TestNG] Running:
  C:\Users\vishn\eclipse-workspace\OpencartV121\master.xml

2025-03-28 20:34:33,718 [main] INFO testCases.TC_002_LoginFunctionalityTest - *****TESTCASE STARTED - TC_002_LoginFunctionality*****
2025-03-28 20:34:34,163 [main] INFO testCases.TC_002_LoginFunctionalityTest - *****Clicked My Account link*****
2025-03-28 20:34:34,787 [main] INFO testCases.TC_002_LoginFunctionalityTest - *****Clicked Login link*****
2025-03-28 20:34:35,058 [main] INFO testCases.TC_002_LoginFunctionalityTest - *****Email id enterd*****
2025-03-28 20:34:35,488 [main] INFO testCases.TC_002_LoginFunctionalityTest - *****Password entered*****
2025-03-28 20:34:37,103 [main] INFO testCases.TC_002_LoginFunctionalityTest - *****Clicked Login Button*****
2025-03-28 20:34:37,197 [main] INFO testCases.TC_002_LoginFunctionalityTest - *****My Account heading displayed*****
2025-03-28 20:38:31,166 [main] DEBUG org.testng.TestNG - suiteXmlPath: "C:\Users\vishn\eclipse-workspace\OpencartV121\master.xml"
2025-03-28 20:38:31,454 [main] INFO org.testng.internal.Utils - [TestNG] Running:
  C:\Users\vishn\eclipse-workspace\OpencartV121\master.xml

2025-03-28 20:38:38,250 [main] INFO testCases.TC_002_LoginFunctionalityTest - *****TESTCASE STARTED - TC_002_LoginFunctionality*****
2025-03-28 20:38:38,710 [main] INFO testCases.TC_002_LoginFunctionalityTest - *****Clicked My Account link*****
2025-03-28 20:38:39,366 [main] INFO testCases.TC_002_LoginFunctionalityTest - *****Clicked Login link*****
2025-03-28 20:38:39,678 [main] INFO testCases.TC_002_LoginFunctionalityTest - *****Email id enterd*****
2025-03-28 20:38:39,978 [main] INFO testCases.TC_002_LoginFunctionalityTest - *****Password entered*****
2025-03-28 20:38:41,373 [main] INFO testCases.TC_002_LoginFunctionalityTest - *****Clicked Login Button*****
2025-03-28 20:38:41,427 [main] INFO testCases.TC_002_LoginFunctionalityTest - *****My Account heading displayed*****
2025-03-28 20:38:42,292 [main] INFO testCases.TC_002_LoginFunctionalityTest - *****Account Logout heading displayed*****
2025-03-28 20:38:42,293 [main] INFO testCases.TC_002_LoginFunctionalityTest - *****TESTCASE FINISHED  - TC_002_LoginFunctionality*****
2025-03-28 20:39:14,091 [main] DEBUG org.testng.TestNG - suiteXmlPath: "C:\Users\vishn\eclipse-workspace\OpencartV121\master.xml"
2025-03-28 20:39:14,411 [main] INFO org.testng.internal.Utils - [TestNG] Running:
  C:\Users\vishn\eclipse-workspace\OpencartV121\master.xml

2025-03-28 20:39:21,788 [main] INFO testCases.TC_002_LoginFunctionalityTest - *****TESTCASE STARTED - TC_002_LoginFunctionality*****
2025-03-28 20:39:22,197 [main] INFO testCases.TC_002_LoginFunctionalityTest - *****Clicked My Account link*****
2025-03-28 20:39:22,704 [main] INFO testCases.TC_002_LoginFunctionalityTest - *****Clicked Login link*****
2025-03-28 20:39:23,039 [main] INFO testCases.TC_002_LoginFunctionalityTest - *****Email id enterd*****
2025-03-28 20:39:23,224 [main] INFO testCases.TC_002_LoginFunctionalityTest - *****Password entered*****
2025-03-28 20:39:24,227 [main] INFO testCases.TC_002_LoginFunctionalityTest - *****Clicked Login Button*****
2025-03-28 20:39:24,342 [main] INFO testCases.TC_002_LoginFunctionalityTest - *****My Account heading displayed*****
2025-03-28 20:39:25,029 [main] INFO testCases.TC_002_LoginFunctionalityTest - *****Account Logout heading displayed*****
2025-03-28 20:39:25,030 [main] INFO testCases.TC_002_LoginFunctionalityTest - *****TESTCASE FINISHED  - TC_002_LoginFunctionality*****
2025-03-28 20:39:46,157 [main] DEBUG org.testng.TestNG - suiteXmlPath: "C:\Users\vishn\eclipse-workspace\OpencartV121\master.xml"
2025-03-28 20:39:46,546 [main] INFO org.testng.internal.Utils - [TestNG] Running:
  C:\Users\vishn\eclipse-workspace\OpencartV121\master.xml

2025-03-28 20:39:52,441 [main] INFO testCases.TC_002_LoginFunctionalityTest - *****TESTCASE STARTED - TC_002_LoginFunctionality*****
2025-03-28 20:39:52,954 [main] INFO testCases.TC_002_LoginFunctionalityTest - *****Clicked My Account link*****
2025-03-28 20:39:53,515 [main] INFO testCases.TC_002_LoginFunctionalityTest - *****Clicked Login link*****
2025-03-28 20:39:53,972 [main] INFO testCases.TC_002_LoginFunctionalityTest - *****Email id enterd*****
2025-03-28 20:39:54,277 [main] INFO testCases.TC_002_LoginFunctionalityTest - *****Password entered*****
2025-03-28 20:39:55,346 [main] INFO testCases.TC_002_LoginFunctionalityTest - *****Clicked Login Button*****
2025-03-28 20:39:55,445 [main] INFO testCases.TC_002_LoginFunctionalityTest - *****My Account heading displayed*****
2025-03-28 20:39:56,469 [main] INFO testCases.TC_002_LoginFunctionalityTest - *****Account Logout heading displayed*****
2025-03-28 20:39:56,469 [main] INFO testCases.TC_002_LoginFunctionalityTest - *****TESTCASE FINISHED  - TC_002_LoginFunctionality*****
2025-03-30 11:51:43,936 [main] DEBUG org.testng.TestNG - suiteXmlPath: "C:\Users\vishn\eclipse-workspace\OpencartV121\master.xml"
2025-03-30 11:51:44,261 [main] INFO org.testng.internal.Utils - [TestNG] Running:
  C:\Users\vishn\eclipse-workspace\OpencartV121\master.xml

2025-03-30 11:54:27,590 [main] DEBUG org.testng.TestNG - suiteXmlPath: "C:\Users\vishn\eclipse-workspace\OpencartV121\master.xml"
2025-03-30 11:54:27,851 [main] INFO org.testng.internal.Utils - [TestNG] Running:
  C:\Users\vishn\eclipse-workspace\OpencartV121\master.xml

2025-03-30 11:59:03,934 [main] DEBUG org.testng.TestNG - suiteXmlPath: "C:\Users\vishn\eclipse-workspace\OpencartV121\master.xml"
2025-03-30 11:59:04,210 [main] INFO org.testng.internal.Utils - [TestNG] Running:
  C:\Users\vishn\eclipse-workspace\OpencartV121\master.xml

2025-03-30 12:00:23,278 [main] DEBUG org.testng.TestNG - suiteXmlPath: "C:\Users\vishn\eclipse-workspace\OpencartV121\master.xml"
2025-03-30 12:00:23,923 [main] INFO org.testng.internal.Utils - [TestNG] Running:
  C:\Users\vishn\eclipse-workspace\OpencartV121\master.xml

2025-03-30 12:02:44,994 [main] DEBUG org.testng.TestNG - suiteXmlPath: "C:\Users\vishn\eclipse-workspace\OpencartV121\master.xml"
2025-03-30 12:02:45,276 [main] INFO org.testng.internal.Utils - [TestNG] Running:
  C:\Users\vishn\eclipse-workspace\OpencartV121\master.xml

2025-03-30 12:03:22,632 [main] DEBUG org.testng.TestNG - suiteXmlPath: "C:\Users\vishn\eclipse-workspace\OpencartV121\master.xml"
2025-03-30 12:03:22,909 [main] INFO org.testng.internal.Utils - [TestNG] Running:
  C:\Users\vishn\eclipse-workspace\OpencartV121\master.xml

2025-03-30 12:04:22,117 [main] DEBUG org.testng.TestNG - suiteXmlPath: "C:\Users\vishn\eclipse-workspace\OpencartV121\master.xml"
2025-03-30 12:04:22,407 [main] INFO org.testng.internal.Utils - [TestNG] Running:
  C:\Users\vishn\eclipse-workspace\OpencartV121\master.xml

2025-03-30 12:05:09,886 [main] DEBUG org.testng.TestNG - suiteXmlPath: "C:\Users\vishn\eclipse-workspace\OpencartV121\master.xml"
2025-03-30 12:05:10,154 [main] INFO org.testng.internal.Utils - [TestNG] Running:
  C:\Users\vishn\eclipse-workspace\OpencartV121\master.xml

2025-03-30 12:05:28,182 [main] DEBUG org.testng.TestNG - suiteXmlPath: "C:\Users\vishn\eclipse-workspace\OpencartV121\master.xml"
2025-03-30 12:05:28,455 [main] INFO org.testng.internal.Utils - [TestNG] Running:
  C:\Users\vishn\eclipse-workspace\OpencartV121\master.xml

2025-03-30 12:07:31,006 [main] DEBUG org.testng.TestNG - suiteXmlPath: "C:\Users\vishn\eclipse-workspace\OpencartV121\master.xml"
2025-03-30 12:07:31,287 [main] INFO org.testng.internal.Utils - [TestNG] Running:
  C:\Users\vishn\eclipse-workspace\OpencartV121\master.xml

2025-03-30 12:08:33,596 [main] DEBUG org.testng.TestNG - suiteXmlPath: "C:\Users\vishn\eclipse-workspace\OpencartV121\master.xml"
2025-03-30 12:08:33,891 [main] INFO org.testng.internal.Utils - [TestNG] Running:
  C:\Users\vishn\eclipse-workspace\OpencartV121\master.xml

2025-03-30 12:11:07,508 [main] DEBUG org.testng.TestNG - suiteXmlPath: "C:\Users\vishn\eclipse-workspace\OpencartV121\master.xml"
2025-03-30 12:11:07,774 [main] INFO org.testng.internal.Utils - [TestNG] Running:
  C:\Users\vishn\eclipse-workspace\OpencartV121\master.xml

2025-03-30 12:13:49,884 [main] DEBUG org.testng.TestNG - suiteXmlPath: "C:\Users\vishn\eclipse-workspace\OpencartV121\master.xml"
2025-03-30 12:13:50,171 [main] INFO org.testng.internal.Utils - [TestNG] Running:
  C:\Users\vishn\eclipse-workspace\OpencartV121\master.xml

2025-03-30 12:15:15,828 [main] DEBUG org.testng.TestNG - suiteXmlPath: "C:\Users\vishn\eclipse-workspace\OpencartV121\master.xml"
2025-03-30 12:15:16,109 [main] INFO org.testng.internal.Utils - [TestNG] Running:
  C:\Users\vishn\eclipse-workspace\OpencartV121\master.xml

2025-03-30 12:17:03,090 [main] DEBUG org.testng.TestNG - suiteXmlPath: "C:\Users\vishn\eclipse-workspace\OpencartV121\master.xml"
2025-03-30 12:17:03,380 [main] INFO org.testng.internal.Utils - [TestNG] Running:
  C:\Users\vishn\eclipse-workspace\OpencartV121\master.xml

2025-03-30 12:17:11,785 [main] INFO testCases.TC_002_LoginFunctionalityTest - *****TESTCASE STARTED - TC_002_LoginFunctionality*****
2025-03-30 12:17:12,032 [main] INFO testCases.TC_002_LoginFunctionalityTest - *****Clicked My Account link*****
2025-03-30 12:17:12,735 [main] INFO testCases.TC_002_LoginFunctionalityTest - *****Clicked Login link*****
2025-03-30 12:17:12,945 [main] INFO testCases.TC_002_LoginFunctionalityTest - *****Email id enterd*****
2025-03-30 12:17:13,090 [main] INFO testCases.TC_002_LoginFunctionalityTest - *****Password entered*****
2025-03-30 12:17:13,206 [main] INFO testCases.TC_002_LoginFunctionalityTest - *****Clicked Login Button*****
2025-03-30 12:17:14,383 [main] INFO testCases.TC_002_LoginFunctionalityTest - *****My Account heading displayed*****
2025-03-30 12:17:15,109 [main] INFO testCases.TC_002_LoginFunctionalityTest - *****Account Logout heading displayed*****
2025-03-30 12:17:15,109 [main] INFO testCases.TC_002_LoginFunctionalityTest - *****TESTCASE FINISHED  - TC_002_LoginFunctionality*****
2025-03-30 12:17:19,535 [main] INFO testCases.TC_001_AccountRegistrationTest - *****Clicked My Account Button*****
2025-03-30 12:17:20,489 [main] INFO testCases.TC_001_AccountRegistrationTest - *****Clicked Register button*****
2025-03-30 12:17:20,497 [main] INFO testCases.TC_001_AccountRegistrationTest - *****Passed inputs*****
2025-03-30 12:17:21,691 [main] INFO testCases.TC_001_AccountRegistrationTest - *****Clicked Privacy Policy*****
2025-03-30 12:17:22,953 [main] INFO testCases.TC_001_AccountRegistrationTest - *****Clicked Continue button*****
2025-03-30 12:17:23,009 [main] INFO testCases.TC_001_AccountRegistrationTest - *****Verified Confirmation Msg*****
2025-03-30 12:17:23,010 [main] INFO testCases.TC_001_AccountRegistrationTest - *****SUCCESSFULLY FINISHED TESTCASE: TC_001_AccountRegistrationTest*****
2025-03-30 12:20:01,422 [main] DEBUG org.testng.TestNG - suiteXmlPath: "C:\Users\vishn\eclipse-workspace\OpencartV121\master.xml"
2025-03-30 12:20:01,700 [main] INFO org.testng.internal.Utils - [TestNG] Running:
  C:\Users\vishn\eclipse-workspace\OpencartV121\master.xml

2025-03-30 12:20:07,467 [main] INFO testCases.TC_002_LoginFunctionalityTest - *****TESTCASE STARTED - TC_002_LoginFunctionality*****
2025-03-30 12:20:07,763 [main] INFO testCases.TC_002_LoginFunctionalityTest - *****Clicked My Account link*****
2025-03-30 12:20:08,332 [main] INFO testCases.TC_002_LoginFunctionalityTest - *****Clicked Login link*****
2025-03-30 12:20:08,716 [main] INFO testCases.TC_002_LoginFunctionalityTest - *****Email id enterd*****
2025-03-30 12:20:08,948 [main] INFO testCases.TC_002_LoginFunctionalityTest - *****Password entered*****
2025-03-30 12:20:09,118 [main] INFO testCases.TC_002_LoginFunctionalityTest - *****Clicked Login Button*****
2025-03-30 12:20:10,334 [main] INFO testCases.TC_002_LoginFunctionalityTest - *****My Account heading displayed*****
2025-03-30 12:20:11,141 [main] INFO testCases.TC_002_LoginFunctionalityTest - *****Account Logout heading displayed*****
2025-03-30 12:20:11,141 [main] INFO testCases.TC_002_LoginFunctionalityTest - *****TESTCASE FINISHED  - TC_002_LoginFunctionality*****
2025-03-30 12:20:15,793 [main] INFO testCases.TC_001_AccountRegistrationTest - *****Clicked My Account Button*****
2025-03-30 12:20:16,855 [main] INFO testCases.TC_001_AccountRegistrationTest - *****Clicked Register button*****
2025-03-30 12:20:16,858 [main] INFO testCases.TC_001_AccountRegistrationTest - *****Passed inputs*****
2025-03-30 12:20:18,092 [main] INFO testCases.TC_001_AccountRegistrationTest - *****Clicked Privacy Policy*****
2025-03-30 12:20:19,298 [main] INFO testCases.TC_001_AccountRegistrationTest - *****Clicked Continue button*****
2025-03-30 12:20:19,472 [main] INFO testCases.TC_001_AccountRegistrationTest - *****Verified Confirmation Msg*****
2025-03-30 12:20:19,473 [main] INFO testCases.TC_001_AccountRegistrationTest - *****SUCCESSFULLY FINISHED TESTCASE: TC_001_AccountRegistrationTest*****
2025-03-30 12:20:57,902 [main] DEBUG org.testng.TestNG - suiteXmlPath: "C:\Users\vishn\eclipse-workspace\OpencartV121\master.xml"
2025-03-30 12:20:58,182 [main] INFO org.testng.internal.Utils - [TestNG] Running:
  C:\Users\vishn\eclipse-workspace\OpencartV121\master.xml

2025-03-30 12:21:09,719 [main] INFO testCases.TC_002_LoginFunctionalityTest - *****TESTCASE STARTED - TC_002_LoginFunctionality*****
2025-03-30 12:21:10,085 [main] INFO testCases.TC_002_LoginFunctionalityTest - *****Clicked My Account link*****
2025-03-30 12:21:10,523 [main] INFO testCases.TC_002_LoginFunctionalityTest - *****Clicked Login link*****
2025-03-30 12:21:10,658 [main] INFO testCases.TC_002_LoginFunctionalityTest - *****Email id enterd*****
2025-03-30 12:21:10,765 [main] INFO testCases.TC_002_LoginFunctionalityTest - *****Password entered*****
2025-03-30 12:21:11,797 [main] INFO testCases.TC_002_LoginFunctionalityTest - *****Clicked Login Button*****
2025-03-30 12:21:11,835 [main] INFO testCases.TC_002_LoginFunctionalityTest - *****My Account heading displayed*****
2025-03-30 12:21:12,484 [main] INFO testCases.TC_002_LoginFunctionalityTest - *****Account Logout heading displayed*****
2025-03-30 12:21:12,484 [main] INFO testCases.TC_002_LoginFunctionalityTest - *****TESTCASE FINISHED  - TC_002_LoginFunctionality*****
2025-03-30 12:21:20,506 [main] INFO testCases.TC_001_AccountRegistrationTest - *****Clicked My Account Button*****
2025-03-30 12:21:21,199 [main] INFO testCases.TC_001_AccountRegistrationTest - *****Clicked Register button*****
2025-03-30 12:21:21,201 [main] INFO testCases.TC_001_AccountRegistrationTest - *****Passed inputs*****
2025-03-30 12:21:22,001 [main] INFO testCases.TC_001_AccountRegistrationTest - *****Clicked Privacy Policy*****
2025-03-30 12:21:22,960 [main] INFO testCases.TC_001_AccountRegistrationTest - *****Clicked Continue button*****
2025-03-30 12:21:22,982 [main] INFO testCases.TC_001_AccountRegistrationTest - *****Verified Confirmation Msg*****
2025-03-30 12:21:22,982 [main] INFO testCases.TC_001_AccountRegistrationTest - *****SUCCESSFULLY FINISHED TESTCASE: TC_001_AccountRegistrationTest*****
2025-03-30 12:21:43,608 [main] DEBUG org.testng.TestNG - suiteXmlPath: "C:\Users\vishn\eclipse-workspace\OpencartV121\master.xml"
2025-03-30 12:21:43,892 [main] INFO org.testng.internal.Utils - [TestNG] Running:
  C:\Users\vishn\eclipse-workspace\OpencartV121\master.xml

2025-03-30 12:21:52,671 [main] INFO testCases.TC_002_LoginFunctionalityTest - *****TESTCASE STARTED - TC_002_LoginFunctionality*****
2025-03-30 12:21:52,880 [main] INFO testCases.TC_002_LoginFunctionalityTest - *****Clicked My Account link*****
2025-03-30 12:21:53,424 [main] INFO testCases.TC_002_LoginFunctionalityTest - *****Clicked Login link*****
2025-03-30 12:21:53,664 [main] INFO testCases.TC_002_LoginFunctionalityTest - *****Email id enterd*****
2025-03-30 12:21:53,852 [main] INFO testCases.TC_002_LoginFunctionalityTest - *****Password entered*****
2025-03-30 12:21:54,850 [main] INFO testCases.TC_002_LoginFunctionalityTest - *****Clicked Login Button*****
2025-03-30 12:21:54,906 [main] INFO testCases.TC_002_LoginFunctionalityTest - *****My Account heading displayed*****
2025-03-30 12:21:55,697 [main] INFO testCases.TC_002_LoginFunctionalityTest - *****Account Logout heading displayed*****
2025-03-30 12:21:55,697 [main] INFO testCases.TC_002_LoginFunctionalityTest - *****TESTCASE FINISHED  - TC_002_LoginFunctionality*****
2025-03-30 12:22:03,478 [main] INFO testCases.TC_001_AccountRegistrationTest - *****Clicked My Account Button*****
2025-03-30 12:22:04,451 [main] INFO testCases.TC_001_AccountRegistrationTest - *****Clicked Register button*****
2025-03-30 12:22:04,454 [main] INFO testCases.TC_001_AccountRegistrationTest - *****Passed inputs*****
2025-03-30 12:22:05,745 [main] INFO testCases.TC_001_AccountRegistrationTest - *****Clicked Privacy Policy*****
2025-03-30 12:22:06,768 [main] INFO testCases.TC_001_AccountRegistrationTest - *****Clicked Continue button*****
2025-03-30 12:22:06,809 [main] INFO testCases.TC_001_AccountRegistrationTest - *****Verified Confirmation Msg*****
2025-03-30 12:22:06,809 [main] INFO testCases.TC_001_AccountRegistrationTest - *****SUCCESSFULLY FINISHED TESTCASE: TC_001_AccountRegistrationTest*****
2025-03-30 12:22:53,845 [main] DEBUG org.testng.TestNG - suiteXmlPath: "C:\Users\vishn\eclipse-workspace\OpencartV121\master.xml"
2025-03-30 12:22:54,110 [main] INFO org.testng.internal.Utils - [TestNG] Running:
  C:\Users\vishn\eclipse-workspace\OpencartV121\master.xml

2025-03-30 12:23:35,899 [main] DEBUG org.testng.TestNG - suiteXmlPath: "C:\Users\vishn\eclipse-workspace\OpencartV121\master.xml"
2025-03-30 12:23:36,307 [main] INFO org.testng.internal.Utils - [TestNG] Running:
  C:\Users\vishn\eclipse-workspace\OpencartV121\master.xml

2025-03-30 12:23:55,436 [main] DEBUG org.testng.TestNG - suiteXmlPath: "C:\Users\vishn\eclipse-workspace\OpencartV121\master.xml"
2025-03-30 12:23:55,708 [main] INFO org.testng.internal.Utils - [TestNG] Running:
  C:\Users\vishn\eclipse-workspace\OpencartV121\master.xml

2025-03-30 12:26:16,517 [main] DEBUG org.testng.TestNG - suiteXmlPath: "C:\Users\vishn\eclipse-workspace\OpencartV121\master.xml"
2025-03-30 12:26:16,807 [main] INFO org.testng.internal.Utils - [TestNG] Running:
  C:\Users\vishn\eclipse-workspace\OpencartV121\master.xml

2025-03-30 12:27:01,148 [main] DEBUG org.testng.TestNG - suiteXmlPath: "C:\Users\vishn\eclipse-workspace\OpencartV121\master.xml"
2025-03-30 12:27:01,481 [main] INFO org.testng.internal.Utils - [TestNG] Running:
  C:\Users\vishn\eclipse-workspace\OpencartV121\master.xml

2025-03-30 12:28:20,946 [main] DEBUG org.testng.TestNG - suiteXmlPath: "C:\Users\vishn\eclipse-workspace\OpencartV121\master.xml"
2025-03-30 12:28:21,416 [main] INFO org.testng.internal.Utils - [TestNG] Running:
  C:\Users\vishn\eclipse-workspace\OpencartV121\master.xml

2025-03-30 12:31:19,877 [main] DEBUG org.testng.TestNG - suiteXmlPath: "C:\Users\vishn\eclipse-workspace\OpencartV121\master.xml"
2025-03-30 12:31:20,160 [main] INFO org.testng.internal.Utils - [TestNG] Running:
  C:\Users\vishn\eclipse-workspace\OpencartV121\master.xml

2025-03-30 12:31:59,320 [main] DEBUG org.testng.TestNG - suiteXmlPath: "C:\Users\vishn\eclipse-workspace\OpencartV121\master.xml"
2025-03-30 12:31:59,611 [main] INFO org.testng.internal.Utils - [TestNG] Running:
  C:\Users\vishn\eclipse-workspace\OpencartV121\master.xml

2025-03-30 12:31:59,712 [main] INFO testCases.TC_002_LoginFunctionalityTest - *****TESTCASE STARTED - TC_002_LoginFunctionality*****
2025-03-30 12:31:59,751 [main] INFO testCases.TC_002_LoginFunctionalityTest - *****Clicked My Account link*****
2025-03-30 12:31:59,751 [main] INFO testCases.TC_002_LoginFunctionalityTest - *****Clicked Login link*****
2025-03-30 12:31:59,752 [main] INFO testCases.TC_002_LoginFunctionalityTest - *****Email id enterd*****
2025-03-30 12:31:59,752 [main] INFO testCases.TC_002_LoginFunctionalityTest - *****Password entered*****
2025-03-30 12:31:59,753 [main] INFO testCases.TC_002_LoginFunctionalityTest - *****Clicked Login Button*****
2025-03-30 12:31:59,778 [main] INFO testCases.TC_001_AccountRegistrationTest - *****Clicked My Account Button*****
2025-03-30 12:31:59,778 [main] INFO testCases.TC_001_AccountRegistrationTest - *****Clicked Register button*****
2025-03-30 12:31:59,781 [main] INFO testCases.TC_001_AccountRegistrationTest - *****Passed inputs*****
2025-03-30 12:31:59,791 [main] INFO testCases.TC_001_AccountRegistrationTest - *****Clicked Privacy Policy*****
2025-03-30 12:31:59,791 [main] INFO testCases.TC_001_AccountRegistrationTest - *****Clicked Continue button*****
2025-03-30 12:31:59,791 [main] ERROR testCases.TC_001_AccountRegistrationTest - *****TEST FAILED*****
2025-03-30 12:31:59,791 [main] DEBUG testCases.TC_001_AccountRegistrationTest - *****Debug Logs*****
2025-03-30 12:32:17,510 [main] DEBUG org.testng.TestNG - suiteXmlPath: "C:\Users\vishn\eclipse-workspace\OpencartV121\master.xml"
2025-03-30 12:32:18,078 [main] INFO org.testng.internal.Utils - [TestNG] Running:
  C:\Users\vishn\eclipse-workspace\OpencartV121\master.xml

2025-03-30 12:43:40,426 [main] DEBUG org.testng.TestNG - suiteXmlPath: "C:\Users\vishn\eclipse-workspace\OpencartV121\master.xml"
2025-03-30 12:43:40,720 [main] INFO org.testng.internal.Utils - [TestNG] Running:
  C:\Users\vishn\eclipse-workspace\OpencartV121\master.xml

2025-03-30 12:43:45,911 [main] INFO testCases.TC_002_LoginFunctionalityTest - *****TESTCASE STARTED - TC_002_LoginFunctionality*****
2025-03-30 12:43:46,135 [main] INFO testCases.TC_002_LoginFunctionalityTest - *****Clicked My Account link*****
2025-03-30 12:43:46,637 [main] INFO testCases.TC_002_LoginFunctionalityTest - *****Clicked Login link*****
2025-03-30 12:43:46,856 [main] INFO testCases.TC_002_LoginFunctionalityTest - *****Email id enterd*****
2025-03-30 12:43:47,033 [main] INFO testCases.TC_002_LoginFunctionalityTest - *****Password entered*****
2025-03-30 12:43:47,969 [main] INFO testCases.TC_002_LoginFunctionalityTest - *****Clicked Login Button*****
2025-03-30 12:43:48,025 [main] INFO testCases.TC_002_LoginFunctionalityTest - *****My Account heading displayed*****
2025-03-30 12:43:48,770 [main] INFO testCases.TC_002_LoginFunctionalityTest - *****Account Logout heading displayed*****
2025-03-30 12:43:48,771 [main] INFO testCases.TC_002_LoginFunctionalityTest - *****TESTCASE FINISHED  - TC_002_LoginFunctionality*****
2025-03-30 12:43:53,606 [main] INFO testCases.TC_001_AccountRegistrationTest - *****Clicked My Account Button*****
2025-03-30 12:43:54,680 [main] INFO testCases.TC_001_AccountRegistrationTest - *****Clicked Register button*****
2025-03-30 12:43:54,684 [main] INFO testCases.TC_001_AccountRegistrationTest - *****Passed inputs*****
2025-03-30 12:43:55,860 [main] INFO testCases.TC_001_AccountRegistrationTest - *****Clicked Privacy Policy*****
2025-03-30 12:43:57,014 [main] INFO testCases.TC_001_AccountRegistrationTest - *****Clicked Continue button*****
2025-03-30 12:43:57,053 [main] INFO testCases.TC_001_AccountRegistrationTest - *****Verified Confirmation Msg*****
2025-03-30 12:43:57,053 [main] INFO testCases.TC_001_AccountRegistrationTest - *****SUCCESSFULLY FINISHED TESTCASE: TC_001_AccountRegistrationTest*****
2025-03-30 12:44:16,889 [main] DEBUG org.testng.TestNG - suiteXmlPath: "C:\Users\vishn\eclipse-workspace\OpencartV121\master.xml"
2025-03-30 12:44:17,171 [main] INFO org.testng.internal.Utils - [TestNG] Running:
  C:\Users\vishn\eclipse-workspace\OpencartV121\master.xml

2025-03-30 12:44:23,618 [main] INFO testCases.TC_002_LoginFunctionalityTest - *****TESTCASE STARTED - TC_002_LoginFunctionality*****
2025-03-30 12:44:23,895 [main] INFO testCases.TC_002_LoginFunctionalityTest - *****Clicked My Account link*****
2025-03-30 12:44:24,478 [main] INFO testCases.TC_002_LoginFunctionalityTest - *****Clicked Login link*****
2025-03-30 12:44:24,781 [main] INFO testCases.TC_002_LoginFunctionalityTest - *****Email id enterd*****
2025-03-30 12:44:25,001 [main] INFO testCases.TC_002_LoginFunctionalityTest - *****Password entered*****
2025-03-30 12:44:26,379 [main] INFO testCases.TC_002_LoginFunctionalityTest - *****Clicked Login Button*****
2025-03-30 12:44:26,476 [main] INFO testCases.TC_002_LoginFunctionalityTest - *****My Account heading displayed*****
2025-03-30 12:44:27,499 [main] INFO testCases.TC_002_LoginFunctionalityTest - *****Account Logout heading displayed*****
2025-03-30 12:44:27,499 [main] INFO testCases.TC_002_LoginFunctionalityTest - *****TESTCASE FINISHED  - TC_002_LoginFunctionality*****
2025-03-30 12:44:32,610 [main] INFO testCases.TC_001_AccountRegistrationTest - *****Clicked My Account Button*****
2025-03-30 12:44:33,615 [main] INFO testCases.TC_001_AccountRegistrationTest - *****Clicked Register button*****
2025-03-30 12:44:33,621 [main] INFO testCases.TC_001_AccountRegistrationTest - *****Passed inputs*****
2025-03-30 12:44:35,772 [main] INFO testCases.TC_001_AccountRegistrationTest - *****Clicked Privacy Policy*****
2025-03-30 12:44:36,969 [main] INFO testCases.TC_001_AccountRegistrationTest - *****Clicked Continue button*****
2025-03-30 12:44:37,013 [main] INFO testCases.TC_001_AccountRegistrationTest - *****Verified Confirmation Msg*****
2025-03-30 12:44:37,013 [main] INFO testCases.TC_001_AccountRegistrationTest - *****SUCCESSFULLY FINISHED TESTCASE: TC_001_AccountRegistrationTest*****
2025-03-30 12:45:47,125 [main] DEBUG org.testng.TestNG - suiteXmlPath: "C:\Users\vishn\eclipse-workspace\OpencartV121\crossBrowserTesting.xml"
2025-03-30 12:45:47,411 [main] INFO org.testng.internal.Utils - [TestNG] Running:
  C:\Users\vishn\eclipse-workspace\OpencartV121\crossBrowserTesting.xml

2025-03-30 12:45:53,709 [TestNG-tests-1] INFO testCases.TC_001_AccountRegistrationTest - *****Clicked My Account Button*****
2025-03-30 12:45:54,706 [TestNG-tests-1] INFO testCases.TC_001_AccountRegistrationTest - *****Clicked Register button*****
2025-03-30 12:45:54,710 [TestNG-tests-1] INFO testCases.TC_001_AccountRegistrationTest - *****Passed inputs*****
2025-03-30 12:45:56,064 [TestNG-tests-1] INFO testCases.TC_001_AccountRegistrationTest - *****Clicked Privacy Policy*****
2025-03-30 12:45:57,238 [TestNG-tests-1] INFO testCases.TC_001_AccountRegistrationTest - *****Clicked Continue button*****
2025-03-30 12:45:57,287 [TestNG-tests-1] INFO testCases.TC_001_AccountRegistrationTest - *****Verified Confirmation Msg*****
2025-03-30 12:45:57,287 [TestNG-tests-1] INFO testCases.TC_001_AccountRegistrationTest - *****SUCCESSFULLY FINISHED TESTCASE: TC_001_AccountRegistrationTest*****
2025-03-30 12:47:16,076 [main] DEBUG org.testng.TestNG - suiteXmlPath: "C:\Users\vishn\eclipse-workspace\OpencartV121\crossBrowserTesting.xml"
2025-03-30 12:47:16,735 [main] INFO org.testng.internal.Utils - [TestNG] Running:
  C:\Users\vishn\eclipse-workspace\OpencartV121\crossBrowserTesting.xml

2025-03-30 12:47:23,687 [TestNG-tests-1] INFO testCases.TC_001_AccountRegistrationTest - *****Clicked My Account Button*****
2025-03-30 12:47:24,913 [TestNG-tests-1] INFO testCases.TC_001_AccountRegistrationTest - *****Clicked Register button*****
2025-03-30 12:47:24,917 [TestNG-tests-1] INFO testCases.TC_001_AccountRegistrationTest - *****Passed inputs*****
2025-03-30 12:47:26,447 [TestNG-tests-1] INFO testCases.TC_001_AccountRegistrationTest - *****Clicked Privacy Policy*****
2025-03-30 12:47:27,769 [TestNG-tests-1] INFO testCases.TC_001_AccountRegistrationTest - *****Clicked Continue button*****
2025-03-30 12:47:27,817 [TestNG-tests-1] INFO testCases.TC_001_AccountRegistrationTest - *****Verified Confirmation Msg*****
2025-03-30 12:47:27,817 [TestNG-tests-1] INFO testCases.TC_001_AccountRegistrationTest - *****SUCCESSFULLY FINISHED TESTCASE: TC_001_AccountRegistrationTest*****
2025-03-30 12:47:31,653 [TestNG-tests-1] INFO testCases.TC_002_LoginFunctionalityTest - *****TESTCASE STARTED - TC_002_LoginFunctionality*****
2025-03-30 12:47:32,062 [TestNG-tests-1] INFO testCases.TC_002_LoginFunctionalityTest - *****Clicked My Account link*****
2025-03-30 12:47:32,764 [TestNG-tests-1] INFO testCases.TC_002_LoginFunctionalityTest - *****Clicked Login link*****
2025-03-30 12:47:33,248 [TestNG-tests-1] INFO testCases.TC_002_LoginFunctionalityTest - *****Email id enterd*****
2025-03-30 12:47:33,603 [TestNG-tests-1] INFO testCases.TC_002_LoginFunctionalityTest - *****Password entered*****
2025-03-30 12:47:34,838 [TestNG-tests-1] INFO testCases.TC_002_LoginFunctionalityTest - *****Clicked Login Button*****
2025-03-30 12:47:34,925 [TestNG-tests-1] INFO testCases.TC_002_LoginFunctionalityTest - *****My Account heading displayed*****
2025-03-30 12:47:35,712 [TestNG-tests-1] INFO testCases.TC_002_LoginFunctionalityTest - *****Account Logout heading displayed*****
2025-03-30 12:47:35,713 [TestNG-tests-1] INFO testCases.TC_002_LoginFunctionalityTest - *****TESTCASE FINISHED  - TC_002_LoginFunctionality*****
2025-03-30 12:50:12,400 [main] DEBUG org.testng.TestNG - suiteXmlPath: "C:\Users\vishn\eclipse-workspace\OpencartV121\crossBrowserTesting.xml"
2025-03-30 12:50:12,716 [main] INFO org.testng.internal.Utils - [TestNG] Running:
  C:\Users\vishn\eclipse-workspace\OpencartV121\crossBrowserTesting.xml

2025-03-30 12:54:49,858 [main] DEBUG org.testng.TestNG - suiteXmlPath: "C:\Users\vishn\eclipse-workspace\OpencartV121\crossBrowserTesting.xml"
2025-03-30 12:54:50,173 [main] INFO org.testng.internal.Utils - [TestNG] Running:
  C:\Users\vishn\eclipse-workspace\OpencartV121\crossBrowserTesting.xml

2025-03-30 12:54:56,504 [TestNG-tests-1] INFO testCases.TC_001_AccountRegistrationTest - *****Clicked My Account Button*****
2025-03-30 12:54:57,526 [TestNG-tests-1] INFO testCases.TC_001_AccountRegistrationTest - *****Clicked Register button*****
2025-03-30 12:54:57,530 [TestNG-tests-1] INFO testCases.TC_001_AccountRegistrationTest - *****Passed inputs*****
2025-03-30 12:54:59,586 [TestNG-tests-1] INFO testCases.TC_001_AccountRegistrationTest - *****Clicked Privacy Policy*****
2025-03-30 12:55:00,781 [TestNG-tests-1] INFO testCases.TC_001_AccountRegistrationTest - *****Clicked Continue button*****
2025-03-30 12:55:00,827 [TestNG-tests-1] INFO testCases.TC_001_AccountRegistrationTest - *****Verified Confirmation Msg*****
2025-03-30 12:55:00,827 [TestNG-tests-1] INFO testCases.TC_001_AccountRegistrationTest - *****SUCCESSFULLY FINISHED TESTCASE: TC_001_AccountRegistrationTest*****
2025-03-30 12:55:05,733 [TestNG-tests-1] INFO testCases.TC_002_LoginFunctionalityTest - *****TESTCASE STARTED - TC_002_LoginFunctionality*****
2025-03-30 12:55:05,966 [TestNG-tests-1] INFO testCases.TC_002_LoginFunctionalityTest - *****Clicked My Account link*****
2025-03-30 12:55:06,583 [TestNG-tests-1] INFO testCases.TC_002_LoginFunctionalityTest - *****Clicked Login link*****
2025-03-30 12:55:06,800 [TestNG-tests-1] INFO testCases.TC_002_LoginFunctionalityTest - *****Email id enterd*****
2025-03-30 12:55:07,041 [TestNG-tests-1] INFO testCases.TC_002_LoginFunctionalityTest - *****Password entered*****
2025-03-30 12:55:07,209 [TestNG-tests-1] INFO testCases.TC_002_LoginFunctionalityTest - *****Clicked Login Button*****
2025-03-30 12:55:08,437 [TestNG-tests-1] INFO testCases.TC_002_LoginFunctionalityTest - *****My Account heading displayed*****
2025-03-30 12:55:09,274 [TestNG-tests-1] INFO testCases.TC_002_LoginFunctionalityTest - *****Account Logout heading displayed*****
2025-03-30 12:55:09,274 [TestNG-tests-1] INFO testCases.TC_002_LoginFunctionalityTest - *****TESTCASE FINISHED  - TC_002_LoginFunctionality*****
2025-03-30 12:57:50,057 [main] DEBUG org.testng.TestNG - suiteXmlPath: "C:\Users\vishn\eclipse-workspace\OpencartV121\master.xml"
2025-03-30 12:57:50,343 [main] INFO org.testng.internal.Utils - [TestNG] Running:
  C:\Users\vishn\eclipse-workspace\OpencartV121\master.xml

2025-03-30 13:00:42,605 [main] DEBUG org.testng.TestNG - suiteXmlPath: "C:\Users\vishn\eclipse-workspace\OpencartV121\master.xml"
2025-03-30 13:00:42,885 [main] INFO org.testng.internal.Utils - [TestNG] Running:
  C:\Users\vishn\eclipse-workspace\OpencartV121\master.xml

2025-03-30 13:01:49,676 [main] DEBUG org.testng.TestNG - suiteXmlPath: "C:\Users\vishn\eclipse-workspace\OpencartV121\master.xml"
2025-03-30 13:01:49,986 [main] INFO org.testng.internal.Utils - [TestNG] Running:
  C:\Users\vishn\eclipse-workspace\OpencartV121\master.xml

2025-03-30 13:01:55,454 [main] INFO testCases.TC_002_LoginFunctionalityTest - *****TESTCASE STARTED - TC_002_LoginFunctionality*****
2025-03-30 13:01:55,743 [main] INFO testCases.TC_002_LoginFunctionalityTest - *****Clicked My Account link*****
2025-03-30 13:01:56,331 [main] INFO testCases.TC_002_LoginFunctionalityTest - *****Clicked Login link*****
2025-03-30 13:01:56,603 [main] INFO testCases.TC_002_LoginFunctionalityTest - *****Email id enterd*****
2025-03-30 13:01:56,873 [main] INFO testCases.TC_002_LoginFunctionalityTest - *****Password entered*****
2025-03-30 13:01:57,925 [main] INFO testCases.TC_002_LoginFunctionalityTest - *****Clicked Login Button*****
2025-03-30 13:01:57,993 [main] INFO testCases.TC_002_LoginFunctionalityTest - *****My Account heading displayed*****
2025-03-30 13:01:58,839 [main] INFO testCases.TC_002_LoginFunctionalityTest - *****Account Logout heading displayed*****
2025-03-30 13:01:58,839 [main] INFO testCases.TC_002_LoginFunctionalityTest - *****TESTCASE FINISHED  - TC_002_LoginFunctionality*****
2025-03-30 13:02:03,581 [main] INFO testCases.TC_001_AccountRegistrationTest - *****Clicked My Account Button*****
2025-03-30 13:02:04,582 [main] INFO testCases.TC_001_AccountRegistrationTest - *****Clicked Register button*****
2025-03-30 13:02:04,588 [main] INFO testCases.TC_001_AccountRegistrationTest - *****Passed inputs*****
2025-03-30 13:02:06,323 [main] INFO testCases.TC_001_AccountRegistrationTest - *****Clicked Privacy Policy*****
2025-03-30 13:02:07,772 [main] INFO testCases.TC_001_AccountRegistrationTest - *****Clicked Continue button*****
2025-03-30 13:02:07,853 [main] INFO testCases.TC_001_AccountRegistrationTest - *****Verified Confirmation Msg*****
2025-03-30 13:02:07,853 [main] INFO testCases.TC_001_AccountRegistrationTest - *****SUCCESSFULLY FINISHED TESTCASE: TC_001_AccountRegistrationTest*****
2025-03-30 13:02:24,262 [main] DEBUG org.testng.TestNG - suiteXmlPath: "C:\Users\vishn\eclipse-workspace\OpencartV121\master.xml"
2025-03-30 13:02:24,813 [main] INFO org.testng.internal.Utils - [TestNG] Running:
  C:\Users\vishn\eclipse-workspace\OpencartV121\master.xml

2025-03-30 13:02:44,514 [main] DEBUG org.testng.TestNG - suiteXmlPath: "C:\Users\vishn\eclipse-workspace\OpencartV121\master.xml"
2025-03-30 13:02:44,804 [main] INFO org.testng.internal.Utils - [TestNG] Running:
  C:\Users\vishn\eclipse-workspace\OpencartV121\master.xml

2025-03-30 13:05:08,611 [main] DEBUG org.testng.TestNG - suiteXmlPath: "C:\Users\vishn\eclipse-workspace\OpencartV121\master.xml"
2025-03-30 13:05:08,905 [main] INFO org.testng.internal.Utils - [TestNG] Running:
  C:\Users\vishn\eclipse-workspace\OpencartV121\master.xml

2025-03-30 13:05:15,849 [main] INFO testCases.TC_002_LoginFunctionalityTest - *****TESTCASE STARTED - TC_002_LoginFunctionality*****
2025-03-30 13:05:16,179 [main] INFO testCases.TC_002_LoginFunctionalityTest - *****Clicked My Account link*****
2025-03-30 13:05:16,587 [main] INFO testCases.TC_002_LoginFunctionalityTest - *****Clicked Login link*****
2025-03-30 13:05:16,745 [main] INFO testCases.TC_002_LoginFunctionalityTest - *****Email id enterd*****
2025-03-30 13:05:16,910 [main] INFO testCases.TC_002_LoginFunctionalityTest - *****Password entered*****
2025-03-30 13:05:17,906 [main] INFO testCases.TC_002_LoginFunctionalityTest - *****Clicked Login Button*****
2025-03-30 13:05:17,945 [main] INFO testCases.TC_002_LoginFunctionalityTest - *****My Account heading displayed*****
2025-03-30 13:05:18,608 [main] INFO testCases.TC_002_LoginFunctionalityTest - *****Account Logout heading displayed*****
2025-03-30 13:05:18,609 [main] INFO testCases.TC_002_LoginFunctionalityTest - *****TESTCASE FINISHED  - TC_002_LoginFunctionality*****
2025-03-30 13:05:26,604 [main] INFO testCases.TC_001_AccountRegistrationTest - *****Clicked My Account Button*****
2025-03-30 13:05:27,508 [main] INFO testCases.TC_001_AccountRegistrationTest - *****Clicked Register button*****
2025-03-30 13:05:27,510 [main] INFO testCases.TC_001_AccountRegistrationTest - *****Passed inputs*****
2025-03-30 13:05:28,266 [main] INFO testCases.TC_001_AccountRegistrationTest - *****Clicked Privacy Policy*****
2025-03-30 13:05:29,358 [main] INFO testCases.TC_001_AccountRegistrationTest - *****Clicked Continue button*****
2025-03-30 13:05:29,391 [main] INFO testCases.TC_001_AccountRegistrationTest - *****Verified Confirmation Msg*****
2025-03-30 13:05:29,391 [main] INFO testCases.TC_001_AccountRegistrationTest - *****SUCCESSFULLY FINISHED TESTCASE: TC_001_AccountRegistrationTest*****
2025-03-30 13:05:41,084 [main] DEBUG org.testng.TestNG - suiteXmlPath: "C:\Users\vishn\eclipse-workspace\OpencartV121\master.xml"
2025-03-30 13:05:41,366 [main] INFO org.testng.internal.Utils - [TestNG] Running:
  C:\Users\vishn\eclipse-workspace\OpencartV121\master.xml

2025-03-30 13:05:49,310 [main] INFO testCases.TC_002_LoginFunctionalityTest - *****TESTCASE STARTED - TC_002_LoginFunctionality*****
2025-03-30 13:05:49,506 [main] INFO testCases.TC_002_LoginFunctionalityTest - *****Clicked My Account link*****
2025-03-30 13:05:50,079 [main] INFO testCases.TC_002_LoginFunctionalityTest - *****Clicked Login link*****
2025-03-30 13:05:50,291 [main] INFO testCases.TC_002_LoginFunctionalityTest - *****Email id enterd*****
2025-03-30 13:05:50,492 [main] INFO testCases.TC_002_LoginFunctionalityTest - *****Password entered*****
2025-03-30 13:05:50,645 [main] INFO testCases.TC_002_LoginFunctionalityTest - *****Clicked Login Button*****
2025-03-30 13:05:51,827 [main] INFO testCases.TC_002_LoginFunctionalityTest - *****My Account heading displayed*****
2025-03-30 13:05:52,582 [main] INFO testCases.TC_002_LoginFunctionalityTest - *****Account Logout heading displayed*****
2025-03-30 13:05:52,582 [main] INFO testCases.TC_002_LoginFunctionalityTest - *****TESTCASE FINISHED  - TC_002_LoginFunctionality*****
2025-03-30 13:05:59,901 [main] INFO testCases.TC_001_AccountRegistrationTest - *****Clicked My Account Button*****
2025-03-30 13:06:00,863 [main] INFO testCases.TC_001_AccountRegistrationTest - *****Clicked Register button*****
2025-03-30 13:06:00,866 [main] INFO testCases.TC_001_AccountRegistrationTest - *****Passed inputs*****
2025-03-30 13:06:02,115 [main] INFO testCases.TC_001_AccountRegistrationTest - *****Clicked Privacy Policy*****
2025-03-30 13:06:03,171 [main] INFO testCases.TC_001_AccountRegistrationTest - *****Clicked Continue button*****
2025-03-30 13:06:03,214 [main] INFO testCases.TC_001_AccountRegistrationTest - *****Verified Confirmation Msg*****
2025-03-30 13:06:03,214 [main] INFO testCases.TC_001_AccountRegistrationTest - *****SUCCESSFULLY FINISHED TESTCASE: TC_001_AccountRegistrationTest*****
2025-03-30 13:06:22,248 [main] DEBUG org.testng.TestNG - suiteXmlPath: "C:\Users\vishn\eclipse-workspace\OpencartV121\master.xml"
2025-03-30 13:06:22,716 [main] INFO org.testng.internal.Utils - [TestNG] Running:
  C:\Users\vishn\eclipse-workspace\OpencartV121\master.xml

2025-03-30 13:09:57,089 [main] DEBUG org.testng.TestNG - suiteXmlPath: "C:\Users\vishn\eclipse-workspace\OpencartV121\master.xml"
2025-03-30 13:09:57,364 [main] INFO org.testng.internal.Utils - [TestNG] Running:
  C:\Users\vishn\eclipse-workspace\OpencartV121\master.xml

2025-03-31 17:33:24,661 [main] DEBUG org.testng.TestNG - suiteXmlPath: "C:\Users\vishn\eclipse-workspace\OpencartV121\master.xml"
2025-03-31 17:33:38,308 [main] INFO testCases.TC_002_LoginFunctionalityTest - *****TESTCASE STARTED - TC_002_LoginFunctionality*****
2025-03-31 17:33:38,671 [main] INFO testCases.TC_002_LoginFunctionalityTest - *****Clicked My Account link*****
2025-03-31 17:33:39,779 [main] INFO testCases.TC_002_LoginFunctionalityTest - *****Clicked Login link*****
2025-03-31 17:33:39,957 [main] INFO testCases.TC_002_LoginFunctionalityTest - *****Email id enterd*****
2025-03-31 17:33:40,106 [main] INFO testCases.TC_002_LoginFunctionalityTest - *****Password entered*****
2025-03-31 17:33:42,917 [main] INFO testCases.TC_002_LoginFunctionalityTest - *****Clicked Login Button*****
2025-03-31 17:33:42,941 [main] INFO testCases.TC_002_LoginFunctionalityTest - *****My Account heading displayed*****
2025-03-31 17:33:44,474 [main] INFO testCases.TC_002_LoginFunctionalityTest - *****Account Logout heading displayed*****
2025-03-31 17:33:44,474 [main] INFO testCases.TC_002_LoginFunctionalityTest - *****TESTCASE FINISHED  - TC_002_LoginFunctionality*****
2025-03-31 17:33:56,629 [main] INFO testCases.TC_001_AccountRegistrationTest - *****Clicked My Account Button*****
2025-03-31 17:33:58,226 [main] INFO testCases.TC_001_AccountRegistrationTest - *****Clicked Register button*****
2025-03-31 17:33:58,229 [main] INFO testCases.TC_001_AccountRegistrationTest - *****Passed inputs*****
2025-03-31 17:33:59,075 [main] INFO testCases.TC_001_AccountRegistrationTest - *****Clicked Privacy Policy*****
2025-03-31 17:34:00,904 [main] INFO testCases.TC_001_AccountRegistrationTest - *****Clicked Continue button*****
2025-03-31 17:34:00,933 [main] INFO testCases.TC_001_AccountRegistrationTest - *****Verified Confirmation Msg*****
2025-03-31 17:34:00,933 [main] INFO testCases.TC_001_AccountRegistrationTest - *****SUCCESSFULLY FINISHED TESTCASE: TC_001_AccountRegistrationTest*****
2025-03-31 17:45:20,487 [main] DEBUG org.testng.TestNG - suiteXmlPath: "C:\Users\vishn\eclipse-workspace\OpencartV121\master.xml"
2025-03-31 17:45:33,200 [main] INFO testCases.TC_002_LoginFunctionalityTest - *****TESTCASE STARTED - TC_002_LoginFunctionality*****
2025-03-31 17:45:33,628 [main] INFO testCases.TC_002_LoginFunctionalityTest - *****Clicked My Account link*****
2025-03-31 17:45:34,814 [main] INFO testCases.TC_002_LoginFunctionalityTest - *****Clicked Login link*****
2025-03-31 17:45:35,018 [main] INFO testCases.TC_002_LoginFunctionalityTest - *****Email id enterd*****
2025-03-31 17:45:35,136 [main] INFO testCases.TC_002_LoginFunctionalityTest - *****Password entered*****
2025-03-31 17:45:37,034 [main] INFO testCases.TC_002_LoginFunctionalityTest - *****Clicked Login Button*****
2025-03-31 17:45:37,076 [main] INFO testCases.TC_002_LoginFunctionalityTest - *****My Account heading displayed*****
2025-03-31 17:45:38,620 [main] INFO testCases.TC_002_LoginFunctionalityTest - *****Account Logout heading displayed*****
2025-03-31 17:45:38,620 [main] INFO testCases.TC_002_LoginFunctionalityTest - *****TESTCASE FINISHED  - TC_002_LoginFunctionality*****
2025-03-31 17:45:50,308 [main] INFO testCases.TC_001_AccountRegistrationTest - *****Clicked My Account Button*****
2025-03-31 17:45:52,256 [main] INFO testCases.TC_001_AccountRegistrationTest - *****Clicked Register button*****
2025-03-31 17:45:52,260 [main] INFO testCases.TC_001_AccountRegistrationTest - *****Passed inputs*****
2025-03-31 17:45:53,053 [main] INFO testCases.TC_001_AccountRegistrationTest - *****Clicked Privacy Policy*****
2025-03-31 17:45:54,827 [main] INFO testCases.TC_001_AccountRegistrationTest - *****Clicked Continue button*****
2025-03-31 17:45:54,860 [main] INFO testCases.TC_001_AccountRegistrationTest - *****Verified Confirmation Msg*****
2025-03-31 17:45:54,860 [main] INFO testCases.TC_001_AccountRegistrationTest - *****SUCCESSFULLY FINISHED TESTCASE: TC_001_AccountRegistrationTest*****
2025-03-31 17:49:00,677 [main] DEBUG org.testng.TestNG - suiteXmlPath: "C:\Users\vishn\eclipse-workspace\OpencartV121\master.xml"
2025-03-31 17:49:06,830 [main] INFO testCases.TC_002_LoginFunctionalityTest - *****TESTCASE STARTED - TC_002_LoginFunctionality*****
2025-03-31 17:49:07,162 [main] INFO testCases.TC_002_LoginFunctionalityTest - *****Clicked My Account link*****
2025-03-31 17:49:08,083 [main] INFO testCases.TC_002_LoginFunctionalityTest - *****Clicked Login link*****
2025-03-31 17:49:08,246 [main] INFO testCases.TC_002_LoginFunctionalityTest - *****Email id enterd*****
2025-03-31 17:49:08,380 [main] INFO testCases.TC_002_LoginFunctionalityTest - *****Password entered*****
2025-03-31 17:49:09,641 [main] INFO testCases.TC_002_LoginFunctionalityTest - *****Clicked Login Button*****
2025-03-31 17:49:09,668 [main] INFO testCases.TC_002_LoginFunctionalityTest - *****My Account heading displayed*****
2025-03-31 17:49:10,556 [main] INFO testCases.TC_002_LoginFunctionalityTest - *****Account Logout heading displayed*****
2025-03-31 17:49:10,557 [main] INFO testCases.TC_002_LoginFunctionalityTest - *****TESTCASE FINISHED  - TC_002_LoginFunctionality*****
2025-03-31 17:49:19,227 [main] INFO testCases.TC_001_AccountRegistrationTest - *****Clicked My Account Button*****
2025-03-31 17:49:20,049 [main] INFO testCases.TC_001_AccountRegistrationTest - *****Clicked Register button*****
2025-03-31 17:49:20,051 [main] INFO testCases.TC_001_AccountRegistrationTest - *****Passed inputs*****
2025-03-31 17:49:20,889 [main] INFO testCases.TC_001_AccountRegistrationTest - *****Clicked Privacy Policy*****
2025-03-31 17:49:22,325 [main] INFO testCases.TC_001_AccountRegistrationTest - *****Clicked Continue button*****
2025-03-31 17:49:22,361 [main] INFO testCases.TC_001_AccountRegistrationTest - *****Verified Confirmation Msg*****
2025-03-31 17:49:22,361 [main] INFO testCases.TC_001_AccountRegistrationTest - *****SUCCESSFULLY FINISHED TESTCASE: TC_001_AccountRegistrationTest*****
2025-03-31 17:50:53,020 [main] DEBUG org.testng.TestNG - suiteXmlPath: "C:\Users\vishn\eclipse-workspace\OpencartV121\master.xml"
2025-03-31 17:51:00,735 [main] INFO testCases.TC_002_LoginFunctionalityTest - *****TESTCASE STARTED - TC_002_LoginFunctionality*****
2025-03-31 17:51:01,195 [main] INFO testCases.TC_002_LoginFunctionalityTest - *****Clicked My Account link*****
2025-03-31 17:51:02,020 [main] INFO testCases.TC_002_LoginFunctionalityTest - *****Clicked Login link*****
2025-03-31 17:51:02,230 [main] INFO testCases.TC_002_LoginFunctionalityTest - *****Email id enterd*****
2025-03-31 17:51:02,383 [main] INFO testCases.TC_002_LoginFunctionalityTest - *****Password entered*****
2025-03-31 17:51:03,831 [main] INFO testCases.TC_002_LoginFunctionalityTest - *****Clicked Login Button*****
2025-03-31 17:51:03,871 [main] INFO testCases.TC_002_LoginFunctionalityTest - *****My Account heading displayed*****
2025-03-31 17:51:04,753 [main] INFO testCases.TC_002_LoginFunctionalityTest - *****Account Logout heading displayed*****
2025-03-31 17:51:04,754 [main] INFO testCases.TC_002_LoginFunctionalityTest - *****TESTCASE FINISHED  - TC_002_LoginFunctionality*****
2025-03-31 17:51:16,311 [main] INFO testCases.TC_001_AccountRegistrationTest - *****Clicked My Account Button*****
2025-03-31 17:51:17,895 [main] INFO testCases.TC_001_AccountRegistrationTest - *****Clicked Register button*****
2025-03-31 17:51:17,902 [main] INFO testCases.TC_001_AccountRegistrationTest - *****Passed inputs*****
2025-03-31 17:51:19,545 [main] INFO testCases.TC_001_AccountRegistrationTest - *****Clicked Privacy Policy*****
2025-03-31 17:51:21,349 [main] INFO testCases.TC_001_AccountRegistrationTest - *****Clicked Continue button*****
2025-03-31 17:51:21,410 [main] INFO testCases.TC_001_AccountRegistrationTest - *****Verified Confirmation Msg*****
2025-03-31 17:51:21,411 [main] INFO testCases.TC_001_AccountRegistrationTest - *****SUCCESSFULLY FINISHED TESTCASE: TC_001_AccountRegistrationTest*****
